2026-05-19 09:40:56,962 [INFO] Iniciando Processo 1 [DRY-RUN]
2026-05-19 09:40:56,965 [INFO] [DRY-RUN] Backup seria criado em: C:\Users\marcus\Desktop\AutomacaoAntilhas\antilhas\01_BACKUP\2026-05-19_09h40
2026-05-19 09:40:57,008 [INFO] [PRAIA] Abrindo: C:\Users\marcus\Desktop\AutomacaoAntilhas\antilhas\04_PLANILHAS_PAI\PRAIA - Contagem Antilhas - 2026.xlsm
2026-05-19 09:41:00,213 [DEBUG]     [DRY-RUN] Aba ' PL 12973': 2 USOU(s) em [33, 76]
2026-05-19 09:41:00,225 [DEBUG]     [DRY-RUN] Aba 'BOQ 11734': 2 USOU(s) em [83, 200]
2026-05-19 09:41:00,238 [DEBUG]     [DRY-RUN] Aba 'TP 14462': 2 USOU(s) em [83, 184]
2026-05-19 09:41:00,255 [DEBUG]     [DRY-RUN] Aba 'PB 5418': 2 USOU(s) em [83, 188]
2026-05-19 09:41:00,265 [DEBUG]     [DRY-RUN] Aba 'MG 11733': 2 USOU(s) em [83, 177]
2026-05-19 09:41:00,276 [DEBUG]     [DRY-RUN] Aba 'ATC - 23012': 2 USOU(s) em [83, 172]
2026-05-19 09:41:00,282 [DEBUG]     [DRY-RUN] Aba 'CDP - 24790': 1 USOU(s) em [83]
2026-05-19 09:41:00,291 [DEBUG]     [DRY-RUN] Aba 'ER BOQ - 23614': 1 USOU(s) em [83]
2026-05-19 09:41:00,298 [DEBUG]     [DRY-RUN] Aba 'ER PBE - 23343': 1 USOU(s) em [83]
2026-05-19 09:41:00,301 [DEBUG]     [DRY-RUN] Aba 'ER MG - 24119': 1 USOU(s) em [41]
2026-05-19 09:41:00,301 [WARNING]     ⚠ Aba 'LOJAS PRAIA': coluna USOU não encontrada — pulada
2026-05-19 09:41:00,303 [WARNING] [PRAIA] Abas sem USOU: LOJAS PRAIA
2026-05-19 09:41:00,303 [INFO] [DRY-RUN] PRAIA - Contagem Antilhas - 2026.xlsm não foi modificado
2026-05-19 09:41:00,303 [INFO] [JAU] Abrindo: C:\Users\marcus\Desktop\AutomacaoAntilhas\antilhas\04_PLANILHAS_PAI\JAÚ - Contagem Antilhas - 2026.xlsm
2026-05-19 09:41:03,025 [DEBUG]     [DRY-RUN] Aba 'JC 3822': 2 USOU(s) em [31, 65]
2026-05-19 09:41:03,034 [DEBUG]     [DRY-RUN] Aba 'JD 14446': 2 USOU(s) em [31, 68]
2026-05-19 09:41:03,039 [DEBUG]     [DRY-RUN] Aba 'BB 12066': 2 USOU(s) em [31, 68]
2026-05-19 09:41:03,047 [DEBUG]     [DRY-RUN] Aba 'SM 23048': 2 USOU(s) em [31, 64]
2026-05-19 09:41:03,056 [DEBUG]     [DRY-RUN] Aba 'JSH 11722': 2 USOU(s) em [31, 71]
2026-05-19 09:41:03,063 [DEBUG]     [DRY-RUN] Aba 'CONF 14553': 2 USOU(s) em [31, 64]
2026-05-19 09:41:03,065 [DEBUG]     [DRY-RUN] Aba 'DC 7529': 2 USOU(s) em [31, 66]
2026-05-19 09:41:03,067 [DEBUG]     [DRY-RUN] Aba 'IT 6942': 2 USOU(s) em [31, 62]
2026-05-19 09:41:03,069 [DEBUG]     [DRY-RUN] Aba 'BR 6954': 2 USOU(s) em [31, 63]
2026-05-19 09:41:03,072 [DEBUG]     [DRY-RUN] Aba 'CDJ 23091': 1 USOU(s) em [31]
2026-05-19 09:41:03,075 [DEBUG]     [DRY-RUN] Aba 'ERJ 22838': 1 USOU(s) em [32]
2026-05-19 09:41:03,076 [DEBUG]     [DRY-RUN] Aba 'ER SM 24137': 1 USOU(s) em [32]
2026-05-19 09:41:03,077 [INFO] [DRY-RUN] JAÚ - Contagem Antilhas - 2026.xlsm não foi modificado
2026-05-19 09:41:03,077 [INFO] [BAURU] Abrindo: C:\Users\marcus\Desktop\AutomacaoAntilhas\antilhas\04_PLANILHAS_PAI\BAURU - Contagem Antilhas - 2026.xlsm
2026-05-19 09:41:07,343 [DEBUG]     [DRY-RUN] Aba 'BSH 6700': 2 USOU(s) em [82, 184]
2026-05-19 09:41:07,355 [DEBUG]     [DRY-RUN] Aba 'BOUL 13868': 2 USOU(s) em [82, 182]
2026-05-19 09:41:07,366 [DEBUG]     [DRY-RUN] Aba 'TT 13370': 2 USOU(s) em [82, 174]
2026-05-19 09:41:07,379 [DEBUG]     [DRY-RUN] Aba 'TDQ 20000': 2 USOU(s) em [77, 167]
2026-05-19 09:41:07,393 [DEBUG]     [DRY-RUN] Aba 'GET 23049': 2 USOU(s) em [82, 172]
2026-05-19 09:41:07,403 [DEBUG]     [DRY-RUN] Aba 'Q7 6727': 2 USOU(s) em [82, 173]
2026-05-19 09:41:07,416 [DEBUG]     [DRY-RUN] Aba 'Q2 12466': 2 USOU(s) em [82, 163]
2026-05-19 09:41:07,422 [DEBUG]     [DRY-RUN] Aba 'MD 12942': 2 USOU(s) em [82, 151]
2026-05-19 09:41:07,534 [DEBUG]     [DRY-RUN] Aba 'CDB - 23280': 5 USOU(s) em [82, 208, 222, 237, 247]
2026-05-19 09:41:07,548 [DEBUG]     [DRY-RUN] Aba 'ERB - 22851': 5 USOU(s) em [81, 224, 238, 253, 263]
2026-05-19 09:41:07,549 [WARNING]     ⚠ Aba 'LOJAS BAURU': coluna USOU não encontrada — pulada
2026-05-19 09:41:07,549 [WARNING] [BAURU] Abas sem USOU: LOJAS BAURU
2026-05-19 09:41:07,549 [INFO] [DRY-RUN] BAURU - Contagem Antilhas - 2026.xlsm não foi modificado
2026-05-19 09:41:07,549 [INFO] Processo 1 concluído.
2026-05-19 09:46:29,775 [INFO] Iniciando Processo 1 [DRY-RUN]
2026-05-19 09:46:29,776 [INFO] [DRY-RUN] Backup seria criado em: C:\Users\marcus\Desktop\AutomacaoAntilhas\antilhas\01_BACKUP\2026-05-19_09h46
2026-05-19 09:46:29,809 [INFO] [PRAIA] Abrindo: C:\Users\marcus\Desktop\AutomacaoAntilhas\antilhas\04_PLANILHAS_PAI\PRAIA - Contagem Antilhas - 2026.xlsm
2026-05-19 09:46:33,019 [DEBUG]     [DRY-RUN] Aba ' PL 12973': 2 USOU(s) em [32, 75]
2026-05-19 09:46:33,032 [DEBUG]     [DRY-RUN] Aba 'BOQ 11734': 2 USOU(s) em [82, 199]
2026-05-19 09:46:33,119 [DEBUG]     [DRY-RUN] Aba 'TP 14462': 2 USOU(s) em [82, 183]
2026-05-19 09:46:33,130 [DEBUG]     [DRY-RUN] Aba 'PB 5418': 2 USOU(s) em [82, 187]
2026-05-19 09:46:33,141 [DEBUG]     [DRY-RUN] Aba 'MG 11733': 2 USOU(s) em [82, 176]
2026-05-19 09:46:33,152 [DEBUG]     [DRY-RUN] Aba 'ATC - 23012': 2 USOU(s) em [82, 171]
2026-05-19 09:46:33,160 [DEBUG]     [DRY-RUN] Aba 'CDP - 24790': 1 USOU(s) em [82]
2026-05-19 09:46:33,169 [DEBUG]     [DRY-RUN] Aba 'ER BOQ - 23614': 1 USOU(s) em [82]
2026-05-19 09:46:33,175 [DEBUG]     [DRY-RUN] Aba 'ER PBE - 23343': 1 USOU(s) em [82]
2026-05-19 09:46:33,179 [DEBUG]     [DRY-RUN] Aba 'ER MG - 24119': 1 USOU(s) em [40]
2026-05-19 09:46:33,179 [WARNING]     ⚠ Aba 'LOJAS PRAIA': coluna USOU não encontrada — pulada
2026-05-19 09:46:33,180 [WARNING] [PRAIA] Abas sem USOU: LOJAS PRAIA
2026-05-19 09:46:33,180 [INFO] [DRY-RUN] PRAIA - Contagem Antilhas - 2026.xlsm não foi modificado
2026-05-19 09:46:33,181 [INFO] [JAU] Abrindo: C:\Users\marcus\Desktop\AutomacaoAntilhas\antilhas\04_PLANILHAS_PAI\JAÚ - Contagem Antilhas - 2026.xlsm
2026-05-19 09:46:36,000 [DEBUG]     [DRY-RUN] Aba 'JC 3822': 2 USOU(s) em [29, 62]
2026-05-19 09:46:36,008 [DEBUG]     [DRY-RUN] Aba 'JD 14446': 2 USOU(s) em [29, 65]
2026-05-19 09:46:36,013 [DEBUG]     [DRY-RUN] Aba 'BB 12066': 2 USOU(s) em [29, 65]
2026-05-19 09:46:36,021 [DEBUG]     [DRY-RUN] Aba 'SM 23048': 2 USOU(s) em [29, 61]
2026-05-19 09:46:36,030 [DEBUG]     [DRY-RUN] Aba 'JSH 11722': 2 USOU(s) em [29, 68]
2026-05-19 09:46:36,037 [DEBUG]     [DRY-RUN] Aba 'CONF 14553': 2 USOU(s) em [29, 61]
2026-05-19 09:46:36,042 [DEBUG]     [DRY-RUN] Aba 'DC 7529': 2 USOU(s) em [29, 63]
2026-05-19 09:46:36,043 [DEBUG]     [DRY-RUN] Aba 'IT 6942': 2 USOU(s) em [29, 59]
2026-05-19 09:46:36,046 [DEBUG]     [DRY-RUN] Aba 'BR 6954': 2 USOU(s) em [29, 60]
2026-05-19 09:46:36,049 [DEBUG]     [DRY-RUN] Aba 'CDJ 23091': 1 USOU(s) em [29]
2026-05-19 09:46:36,051 [DEBUG]     [DRY-RUN] Aba 'ERJ 22838': 1 USOU(s) em [30]
2026-05-19 09:46:36,053 [DEBUG]     [DRY-RUN] Aba 'ER SM 24137': 1 USOU(s) em [30]
2026-05-19 09:46:36,054 [INFO] [DRY-RUN] JAÚ - Contagem Antilhas - 2026.xlsm não foi modificado
2026-05-19 09:46:36,054 [INFO] [BAURU] Abrindo: C:\Users\marcus\Desktop\AutomacaoAntilhas\antilhas\04_PLANILHAS_PAI\BAURU - Contagem Antilhas - 2026.xlsm
2026-05-19 09:46:40,385 [DEBUG]     [DRY-RUN] Aba 'BSH 6700': 2 USOU(s) em [80, 181]
2026-05-19 09:46:40,397 [DEBUG]     [DRY-RUN] Aba 'BOUL 13868': 2 USOU(s) em [80, 179]
2026-05-19 09:46:40,407 [DEBUG]     [DRY-RUN] Aba 'TT 13370': 2 USOU(s) em [80, 171]
2026-05-19 09:46:40,420 [DEBUG]     [DRY-RUN] Aba 'TDQ 20000': 2 USOU(s) em [75, 164]
2026-05-19 09:46:40,434 [DEBUG]     [DRY-RUN] Aba 'GET 23049': 2 USOU(s) em [80, 169]
2026-05-19 09:46:40,444 [DEBUG]     [DRY-RUN] Aba 'Q7 6727': 2 USOU(s) em [80, 170]
2026-05-19 09:46:40,457 [DEBUG]     [DRY-RUN] Aba 'Q2 12466': 2 USOU(s) em [80, 160]
2026-05-19 09:46:40,464 [DEBUG]     [DRY-RUN] Aba 'MD 12942': 2 USOU(s) em [80, 148]
2026-05-19 09:46:40,484 [DEBUG]     [DRY-RUN] Aba 'CDB - 23280': 5 USOU(s) em [80, 205, 218, 232, 241]
2026-05-19 09:46:40,499 [DEBUG]     [DRY-RUN] Aba 'ERB - 22851': 5 USOU(s) em [79, 221, 234, 248, 257]
2026-05-19 09:46:40,500 [WARNING]     ⚠ Aba 'LOJAS BAURU': coluna USOU não encontrada — pulada
2026-05-19 09:46:40,500 [WARNING] [BAURU] Abas sem USOU: LOJAS BAURU
2026-05-19 09:46:40,500 [INFO] [DRY-RUN] BAURU - Contagem Antilhas - 2026.xlsm não foi modificado
2026-05-19 09:46:40,501 [INFO] Processo 1 concluído.
2026-05-19 09:52:23,269 [INFO] Iniciando Processo 1 [DRY-RUN]
2026-05-19 09:52:23,270 [INFO] [DRY-RUN] Backup seria criado em: C:\Users\marcus\Desktop\AutomacaoAntilhas\antilhas\01_BACKUP\2026-05-19_09h52
2026-05-19 09:52:23,312 [INFO] [PRAIA] Abrindo: C:\Users\marcus\Desktop\AutomacaoAntilhas\antilhas\04_PLANILHAS_PAI\PRAIA - Contagem Antilhas - 2026.xlsm
2026-05-19 09:52:26,629 [DEBUG]     [DRY-RUN] Aba ' PL 12973': 2 USOU(s) em [31, 73]
2026-05-19 09:52:26,645 [DEBUG]     [DRY-RUN] Aba 'BOQ 11734': 2 USOU(s) em [81, 197]
2026-05-19 09:52:26,658 [DEBUG]     [DRY-RUN] Aba 'TP 14462': 2 USOU(s) em [81, 181]
2026-05-19 09:52:26,671 [DEBUG]     [DRY-RUN] Aba 'PB 5418': 2 USOU(s) em [81, 185]
2026-05-19 09:52:26,682 [DEBUG]     [DRY-RUN] Aba 'MG 11733': 2 USOU(s) em [81, 174]
2026-05-19 09:52:26,693 [DEBUG]     [DRY-RUN] Aba 'ATC - 23012': 2 USOU(s) em [81, 169]
2026-05-19 09:52:26,700 [DEBUG]     [DRY-RUN] Aba 'CDP - 24790': 1 USOU(s) em [81]
2026-05-19 09:52:26,708 [DEBUG]     [DRY-RUN] Aba 'ER BOQ - 23614': 1 USOU(s) em [81]
2026-05-19 09:52:26,717 [DEBUG]     [DRY-RUN] Aba 'ER PBE - 23343': 1 USOU(s) em [81]
2026-05-19 09:52:26,720 [DEBUG]     [DRY-RUN] Aba 'ER MG - 24119': 1 USOU(s) em [39]
2026-05-19 09:52:26,720 [WARNING]     ⚠ Aba 'LOJAS PRAIA': coluna USOU não encontrada — pulada
2026-05-19 09:52:26,721 [WARNING] [PRAIA] Abas sem USOU: LOJAS PRAIA
2026-05-19 09:52:26,721 [INFO] [DRY-RUN] PRAIA - Contagem Antilhas - 2026.xlsm não foi modificado
2026-05-19 09:52:26,721 [INFO] [JAU] Abrindo: C:\Users\marcus\Desktop\AutomacaoAntilhas\antilhas\04_PLANILHAS_PAI\JAÚ - Contagem Antilhas - 2026.xlsm
2026-05-19 09:52:29,375 [DEBUG]     [DRY-RUN] Aba 'JC 3822': 2 USOU(s) em [28, 60]
2026-05-19 09:52:29,383 [DEBUG]     [DRY-RUN] Aba 'JD 14446': 2 USOU(s) em [28, 63]
2026-05-19 09:52:29,389 [DEBUG]     [DRY-RUN] Aba 'BB 12066': 2 USOU(s) em [28, 63]
2026-05-19 09:52:29,456 [DEBUG]     [DRY-RUN] Aba 'SM 23048': 2 USOU(s) em [28, 59]
2026-05-19 09:52:29,471 [DEBUG]     [DRY-RUN] Aba 'JSH 11722': 2 USOU(s) em [28, 66]
2026-05-19 09:52:29,484 [DEBUG]     [DRY-RUN] Aba 'CONF 14553': 2 USOU(s) em [28, 59]
2026-05-19 09:52:29,487 [DEBUG]     [DRY-RUN] Aba 'DC 7529': 2 USOU(s) em [28, 61]
2026-05-19 09:52:29,491 [DEBUG]     [DRY-RUN] Aba 'IT 6942': 2 USOU(s) em [28, 57]
2026-05-19 09:52:29,494 [DEBUG]     [DRY-RUN] Aba 'BR 6954': 2 USOU(s) em [28, 58]
2026-05-19 09:52:29,499 [DEBUG]     [DRY-RUN] Aba 'CDJ 23091': 1 USOU(s) em [28]
2026-05-19 09:52:29,505 [DEBUG]     [DRY-RUN] Aba 'ERJ 22838': 1 USOU(s) em [29]
2026-05-19 09:52:29,509 [DEBUG]     [DRY-RUN] Aba 'ER SM 24137': 1 USOU(s) em [29]
2026-05-19 09:52:29,510 [INFO] [DRY-RUN] JAÚ - Contagem Antilhas - 2026.xlsm não foi modificado
2026-05-19 09:52:29,510 [INFO] [BAURU] Abrindo: C:\Users\marcus\Desktop\AutomacaoAntilhas\antilhas\04_PLANILHAS_PAI\BAURU - Contagem Antilhas - 2026.xlsm
2026-05-19 09:52:33,958 [DEBUG]     [DRY-RUN] Aba 'BSH 6700': 2 USOU(s) em [79, 179]
2026-05-19 09:52:33,969 [DEBUG]     [DRY-RUN] Aba 'BOUL 13868': 2 USOU(s) em [79, 177]
2026-05-19 09:52:33,980 [DEBUG]     [DRY-RUN] Aba 'TT 13370': 2 USOU(s) em [79, 169]
2026-05-19 09:52:33,993 [DEBUG]     [DRY-RUN] Aba 'TDQ 20000': 2 USOU(s) em [74, 162]
2026-05-19 09:52:34,008 [DEBUG]     [DRY-RUN] Aba 'GET 23049': 2 USOU(s) em [79, 167]
2026-05-19 09:52:34,019 [DEBUG]     [DRY-RUN] Aba 'Q7 6727': 2 USOU(s) em [79, 168]
2026-05-19 09:52:34,032 [DEBUG]     [DRY-RUN] Aba 'Q2 12466': 2 USOU(s) em [79, 158]
2026-05-19 09:52:34,037 [DEBUG]     [DRY-RUN] Aba 'MD 12942': 2 USOU(s) em [79, 146]
2026-05-19 09:52:34,056 [DEBUG]     [DRY-RUN] Aba 'CDB - 23280': 5 USOU(s) em [79, 203, 215, 228, 236]
2026-05-19 09:52:34,071 [DEBUG]     [DRY-RUN] Aba 'ERB - 22851': 5 USOU(s) em [78, 219, 231, 244, 252]
2026-05-19 09:52:34,072 [WARNING]     ⚠ Aba 'LOJAS BAURU': coluna USOU não encontrada — pulada
2026-05-19 09:52:34,072 [WARNING] [BAURU] Abas sem USOU: LOJAS BAURU
2026-05-19 09:52:34,072 [INFO] [DRY-RUN] BAURU - Contagem Antilhas - 2026.xlsm não foi modificado
2026-05-19 09:52:34,072 [INFO] Processo 1 concluído.
2026-05-19 10:10:55,108 [INFO] Iniciando Processo 1 [DRY-RUN]
2026-05-19 10:10:55,109 [INFO] [DRY-RUN] Backup seria criado em: C:\Users\marcus\Desktop\AutomacaoAntilhas\antilhas\01_BACKUP\2026-05-19_10h10
2026-05-19 10:10:55,143 [INFO] [PRAIA] Abrindo: C:\Users\marcus\Desktop\AutomacaoAntilhas\antilhas\04_PLANILHAS_PAI\PRAIA - Contagem Antilhas - 2026.xlsm
2026-05-19 10:10:58,009 [DEBUG]     [DRY-RUN] Aba ' PL 12973': 2 USOU(s) em [32, 75]
2026-05-19 10:10:58,089 [DEBUG]     [DRY-RUN] Aba 'BOQ 11734': 2 USOU(s) em [82, 199]
2026-05-19 10:10:58,101 [DEBUG]     [DRY-RUN] Aba 'TP 14462': 2 USOU(s) em [82, 183]
2026-05-19 10:10:58,113 [DEBUG]     [DRY-RUN] Aba 'PB 5418': 2 USOU(s) em [82, 187]
2026-05-19 10:10:58,122 [DEBUG]     [DRY-RUN] Aba 'MG 11733': 2 USOU(s) em [82, 176]
2026-05-19 10:10:58,132 [DEBUG]     [DRY-RUN] Aba 'ATC - 23012': 2 USOU(s) em [82, 171]
2026-05-19 10:10:58,139 [DEBUG]     [DRY-RUN] Aba 'CDP - 24790': 1 USOU(s) em [82]
2026-05-19 10:10:58,147 [DEBUG]     [DRY-RUN] Aba 'ER BOQ - 23614': 1 USOU(s) em [82]
2026-05-19 10:10:58,154 [DEBUG]     [DRY-RUN] Aba 'ER PBE - 23343': 1 USOU(s) em [82]
2026-05-19 10:10:58,157 [DEBUG]     [DRY-RUN] Aba 'ER MG - 24119': 1 USOU(s) em [40]
2026-05-19 10:10:58,157 [WARNING]     ⚠ Aba 'LOJAS PRAIA': coluna USOU não encontrada — pulada
2026-05-19 10:10:58,158 [WARNING] [PRAIA] Abas sem USOU: LOJAS PRAIA
2026-05-19 10:10:58,158 [INFO] [DRY-RUN] PRAIA - Contagem Antilhas - 2026.xlsm não foi modificado
2026-05-19 10:10:58,158 [INFO] [JAU] Abrindo: C:\Users\marcus\Desktop\AutomacaoAntilhas\antilhas\04_PLANILHAS_PAI\JAÚ - Contagem Antilhas - 2026.xlsm
2026-05-19 10:11:00,680 [DEBUG]     [DRY-RUN] Aba 'JC 3822': 2 USOU(s) em [29, 62]
2026-05-19 10:11:00,689 [DEBUG]     [DRY-RUN] Aba 'JD 14446': 2 USOU(s) em [29, 65]
2026-05-19 10:11:00,694 [DEBUG]     [DRY-RUN] Aba 'BB 12066': 2 USOU(s) em [29, 65]
2026-05-19 10:11:00,702 [DEBUG]     [DRY-RUN] Aba 'SM 23048': 2 USOU(s) em [29, 61]
2026-05-19 10:11:00,712 [DEBUG]     [DRY-RUN] Aba 'JSH 11722': 2 USOU(s) em [29, 68]
2026-05-19 10:11:00,718 [DEBUG]     [DRY-RUN] Aba 'CONF 14553': 2 USOU(s) em [29, 61]
2026-05-19 10:11:00,720 [DEBUG]     [DRY-RUN] Aba 'DC 7529': 2 USOU(s) em [29, 63]
2026-05-19 10:11:00,723 [DEBUG]     [DRY-RUN] Aba 'IT 6942': 2 USOU(s) em [29, 59]
2026-05-19 10:11:00,725 [DEBUG]     [DRY-RUN] Aba 'BR 6954': 2 USOU(s) em [29, 60]
2026-05-19 10:11:00,727 [DEBUG]     [DRY-RUN] Aba 'CDJ 23091': 1 USOU(s) em [29]
2026-05-19 10:11:00,729 [DEBUG]     [DRY-RUN] Aba 'ERJ 22838': 1 USOU(s) em [30]
2026-05-19 10:11:00,731 [DEBUG]     [DRY-RUN] Aba 'ER SM 24137': 1 USOU(s) em [30]
2026-05-19 10:11:00,731 [INFO] [DRY-RUN] JAÚ - Contagem Antilhas - 2026.xlsm não foi modificado
2026-05-19 10:11:00,731 [INFO] [BAURU] Abrindo: C:\Users\marcus\Desktop\AutomacaoAntilhas\antilhas\04_PLANILHAS_PAI\BAURU - Contagem Antilhas - 2026.xlsm
2026-05-19 10:11:04,498 [DEBUG]     [DRY-RUN] Aba 'BSH 6700': 2 USOU(s) em [80, 181]
2026-05-19 10:11:04,509 [DEBUG]     [DRY-RUN] Aba 'BOUL 13868': 2 USOU(s) em [80, 179]
2026-05-19 10:11:04,518 [DEBUG]     [DRY-RUN] Aba 'TT 13370': 2 USOU(s) em [80, 171]
2026-05-19 10:11:04,530 [DEBUG]     [DRY-RUN] Aba 'TDQ 20000': 2 USOU(s) em [75, 164]
2026-05-19 10:11:04,541 [DEBUG]     [DRY-RUN] Aba 'GET 23049': 2 USOU(s) em [80, 169]
2026-05-19 10:11:04,551 [DEBUG]     [DRY-RUN] Aba 'Q7 6727': 2 USOU(s) em [80, 170]
2026-05-19 10:11:04,562 [DEBUG]     [DRY-RUN] Aba 'Q2 12466': 2 USOU(s) em [80, 160]
2026-05-19 10:11:04,567 [DEBUG]     [DRY-RUN] Aba 'MD 12942': 2 USOU(s) em [80, 148]
2026-05-19 10:11:04,584 [DEBUG]     [DRY-RUN] Aba 'CDB - 23280': 5 USOU(s) em [80, 205, 218, 232, 241]
2026-05-19 10:11:04,596 [DEBUG]     [DRY-RUN] Aba 'ERB - 22851': 5 USOU(s) em [79, 221, 234, 248, 257]
2026-05-19 10:11:04,597 [WARNING]     ⚠ Aba 'LOJAS BAURU': coluna USOU não encontrada — pulada
2026-05-19 10:11:04,597 [WARNING] [BAURU] Abas sem USOU: LOJAS BAURU
2026-05-19 10:11:04,597 [INFO] [DRY-RUN] BAURU - Contagem Antilhas - 2026.xlsm não foi modificado
2026-05-19 10:11:04,597 [INFO] Processo 1 concluído.
2026-05-19 10:32:14,164 [INFO] Iniciando Processo 1 [DRY-RUN]
2026-05-19 10:32:14,166 [INFO] [DRY-RUN] Backup seria criado em: C:\Users\marcus\Desktop\AutomacaoAntilhas\antilhas\01_BACKUP\2026-05-19_10h32
2026-05-19 10:32:14,203 [INFO] [PRAIA] Abrindo: C:\Users\marcus\Desktop\AutomacaoAntilhas\antilhas\04_PLANILHAS_PAI\PRAIA - Contagem Antilhas - 2026.xlsm
2026-05-19 10:32:17,075 [DEBUG]     [DRY-RUN] Aba ' PL 12973': Novo Pedido — inserção em col 65 (10 datas existentes)
2026-05-19 10:32:17,143 [DEBUG]     [DRY-RUN] Aba ' PL 12973': 2 USOU(s) em [32, 75]
2026-05-19 10:32:17,175 [DEBUG]     [DRY-RUN] Aba 'BOQ 11734': Novo Pedido — inserção em col 89 (97 datas existentes)
2026-05-19 10:32:17,185 [DEBUG]     [DRY-RUN] Aba 'BOQ 11734': 2 USOU(s) em [82, 199]
2026-05-19 10:32:17,220 [DEBUG]     [DRY-RUN] Aba 'TP 14462': Novo Pedido — inserção em col 89 (81 datas existentes)
2026-05-19 10:32:17,232 [DEBUG]     [DRY-RUN] Aba 'TP 14462': 2 USOU(s) em [82, 183]
2026-05-19 10:32:17,259 [DEBUG]     [DRY-RUN] Aba 'PB 5418': Novo Pedido — inserção em col 88 (85 datas existentes)
2026-05-19 10:32:17,269 [DEBUG]     [DRY-RUN] Aba 'PB 5418': 2 USOU(s) em [82, 187]
2026-05-19 10:32:17,301 [DEBUG]     [DRY-RUN] Aba 'MG 11733': Novo Pedido — inserção em col 89 (74 datas existentes)
2026-05-19 10:32:17,313 [DEBUG]     [DRY-RUN] Aba 'MG 11733': 2 USOU(s) em [82, 176]
2026-05-19 10:32:17,350 [DEBUG]     [DRY-RUN] Aba 'ATC - 23012': Novo Pedido — inserção em col 88 (70 datas existentes)
2026-05-19 10:32:17,359 [DEBUG]     [DRY-RUN] Aba 'ATC - 23012': 2 USOU(s) em [82, 171]
2026-05-19 10:32:17,417 [DEBUG]     [DRY-RUN] Aba 'CDP - 24790': Novo Pedido — inserção em col 89 (110 datas existentes)
2026-05-19 10:32:17,423 [DEBUG]     [DRY-RUN] Aba 'CDP - 24790': 1 USOU(s) em [82]
2026-05-19 10:32:17,492 [DEBUG]     [DRY-RUN] Aba 'ER BOQ - 23614': Novo Pedido — inserção em col 90 (112 datas existentes)
2026-05-19 10:32:17,500 [DEBUG]     [DRY-RUN] Aba 'ER BOQ - 23614': 1 USOU(s) em [82]
2026-05-19 10:32:17,589 [DEBUG]     [DRY-RUN] Aba 'ER PBE - 23343': Novo Pedido — inserção em col 88 (96 datas existentes)
2026-05-19 10:32:17,597 [DEBUG]     [DRY-RUN] Aba 'ER PBE - 23343': 1 USOU(s) em [82]
2026-05-19 10:32:17,614 [DEBUG]     [DRY-RUN] Aba 'ER MG - 24119': Novo Pedido — inserção em col 46 (28 datas existentes)
2026-05-19 10:32:17,616 [DEBUG]     [DRY-RUN] Aba 'ER MG - 24119': 1 USOU(s) em [40]
2026-05-19 10:32:17,618 [WARNING]     ⚠ Aba 'LOJAS PRAIA': coluna USOU não encontrada — pulada
2026-05-19 10:32:17,618 [WARNING] [PRAIA] Abas sem USOU: LOJAS PRAIA
2026-05-19 10:32:17,619 [INFO] [DRY-RUN] PRAIA - Contagem Antilhas - 2026.xlsm não foi modificado
2026-05-19 10:32:17,619 [INFO] [JAU] Abrindo: C:\Users\marcus\Desktop\AutomacaoAntilhas\antilhas\04_PLANILHAS_PAI\JAÚ - Contagem Antilhas - 2026.xlsm
2026-05-19 10:32:19,944 [DEBUG]     [DRY-RUN] Aba 'JC 3822': Novo Pedido — inserção em col 36 (15 datas existentes)
2026-05-19 10:32:19,952 [DEBUG]     [DRY-RUN] Aba 'JC 3822': 2 USOU(s) em [29, 62]
2026-05-19 10:32:19,959 [DEBUG]     [DRY-RUN] Aba 'JD 14446': Novo Pedido — inserção em col 35 (19 datas existentes)
2026-05-19 10:32:19,967 [DEBUG]     [DRY-RUN] Aba 'JD 14446': 2 USOU(s) em [29, 65]
2026-05-19 10:32:19,972 [DEBUG]     [DRY-RUN] Aba 'BB 12066': Novo Pedido — inserção em col 37 (17 datas existentes)
2026-05-19 10:32:19,977 [DEBUG]     [DRY-RUN] Aba 'BB 12066': 2 USOU(s) em [29, 65]
2026-05-19 10:32:19,982 [DEBUG]     [DRY-RUN] Aba 'SM 23048': Novo Pedido — inserção em col 36 (14 datas existentes)
2026-05-19 10:32:19,988 [DEBUG]     [DRY-RUN] Aba 'SM 23048': 2 USOU(s) em [29, 61]
2026-05-19 10:32:19,993 [DEBUG]     [DRY-RUN] Aba 'JSH 11722': Novo Pedido — inserção em col 36 (21 datas existentes)
2026-05-19 10:32:20,003 [DEBUG]     [DRY-RUN] Aba 'JSH 11722': 2 USOU(s) em [29, 68]
2026-05-19 10:32:20,007 [DEBUG]     [DRY-RUN] Aba 'CONF 14553': Novo Pedido — inserção em col 36 (14 datas existentes)
2026-05-19 10:32:20,013 [DEBUG]     [DRY-RUN] Aba 'CONF 14553': 2 USOU(s) em [29, 61]
2026-05-19 10:32:20,021 [DEBUG]     [DRY-RUN] Aba 'DC 7529': Novo Pedido — inserção em col 36 (16 datas existentes)
2026-05-19 10:32:20,023 [DEBUG]     [DRY-RUN] Aba 'DC 7529': 2 USOU(s) em [29, 63]
2026-05-19 10:32:20,028 [DEBUG]     [DRY-RUN] Aba 'IT 6942': Novo Pedido — inserção em col 36 (12 datas existentes)
2026-05-19 10:32:20,029 [DEBUG]     [DRY-RUN] Aba 'IT 6942': 2 USOU(s) em [29, 59]
2026-05-19 10:32:20,038 [DEBUG]     [DRY-RUN] Aba 'BR 6954': Novo Pedido — inserção em col 37 (12 datas existentes)
2026-05-19 10:32:20,039 [DEBUG]     [DRY-RUN] Aba 'BR 6954': 2 USOU(s) em [29, 60]
2026-05-19 10:32:20,051 [DEBUG]     [DRY-RUN] Aba 'CDJ 23091': Novo Pedido — inserção em col 36 (26 datas existentes)
2026-05-19 10:32:20,053 [DEBUG]     [DRY-RUN] Aba 'CDJ 23091': 1 USOU(s) em [29]
2026-05-19 10:32:20,074 [DEBUG]     [DRY-RUN] Aba 'ERJ 22838': Novo Pedido — inserção em col 37 (28 datas existentes)
2026-05-19 10:32:20,076 [DEBUG]     [DRY-RUN] Aba 'ERJ 22838': 1 USOU(s) em [30]
2026-05-19 10:32:20,088 [DEBUG]     [DRY-RUN] Aba 'ER SM 24137': Novo Pedido — inserção em col 37 (23 datas existentes)
2026-05-19 10:32:20,090 [DEBUG]     [DRY-RUN] Aba 'ER SM 24137': 1 USOU(s) em [30]
2026-05-19 10:32:20,090 [INFO] [DRY-RUN] JAÚ - Contagem Antilhas - 2026.xlsm não foi modificado
2026-05-19 10:32:20,090 [INFO] [BAURU] Abrindo: C:\Users\marcus\Desktop\AutomacaoAntilhas\antilhas\04_PLANILHAS_PAI\BAURU - Contagem Antilhas - 2026.xlsm
2026-05-19 10:32:24,113 [DEBUG]     [DRY-RUN] Aba 'BSH 6700': Novo Pedido — inserção em col 87 (83 datas existentes)
2026-05-19 10:32:24,128 [DEBUG]     [DRY-RUN] Aba 'BSH 6700': 2 USOU(s) em [80, 181]
2026-05-19 10:32:24,167 [DEBUG]     [DRY-RUN] Aba 'BOUL 13868': Novo Pedido — inserção em col 86 (82 datas existentes)
2026-05-19 10:32:24,177 [DEBUG]     [DRY-RUN] Aba 'BOUL 13868': 2 USOU(s) em [80, 179]
2026-05-19 10:32:24,209 [DEBUG]     [DRY-RUN] Aba 'TT 13370': Novo Pedido — inserção em col 86 (74 datas existentes)
2026-05-19 10:32:24,220 [DEBUG]     [DRY-RUN] Aba 'TT 13370': 2 USOU(s) em [80, 171]
2026-05-19 10:32:24,261 [DEBUG]     [DRY-RUN] Aba 'TDQ 20000': Novo Pedido — inserção em col 81 (72 datas existentes)
2026-05-19 10:32:24,273 [DEBUG]     [DRY-RUN] Aba 'TDQ 20000': 2 USOU(s) em [75, 164]
2026-05-19 10:32:24,315 [DEBUG]     [DRY-RUN] Aba 'GET 23049': Novo Pedido — inserção em col 86 (72 datas existentes)
2026-05-19 10:32:24,328 [DEBUG]     [DRY-RUN] Aba 'GET 23049': 2 USOU(s) em [80, 169]
2026-05-19 10:32:24,351 [DEBUG]     [DRY-RUN] Aba 'Q7 6727': Novo Pedido — inserção em col 86 (73 datas existentes)
2026-05-19 10:32:24,361 [DEBUG]     [DRY-RUN] Aba 'Q7 6727': 2 USOU(s) em [80, 170]
2026-05-19 10:32:24,410 [DEBUG]     [DRY-RUN] Aba 'Q2 12466': Novo Pedido — inserção em col 86 (63 datas existentes)
2026-05-19 10:32:24,503 [DEBUG]     [DRY-RUN] Aba 'Q2 12466': 2 USOU(s) em [80, 160]
2026-05-19 10:32:24,535 [DEBUG]     [DRY-RUN] Aba 'MD 12942': Novo Pedido — inserção em col 86 (51 datas existentes)
2026-05-19 10:32:24,540 [DEBUG]     [DRY-RUN] Aba 'MD 12942': 2 USOU(s) em [80, 148]
2026-05-19 10:32:24,599 [DEBUG]     [DRY-RUN] Aba 'CDB - 23280': Novo Pedido — inserção em col 87 (102 datas existentes)
2026-05-19 10:32:24,618 [DEBUG]     [DRY-RUN] Aba 'CDB - 23280': 5 USOU(s) em [80, 205, 218, 232, 241]
2026-05-19 10:32:24,693 [DEBUG]     [DRY-RUN] Aba 'ERB - 22851': Novo Pedido — inserção em col 86 (113 datas existentes)
2026-05-19 10:32:24,708 [DEBUG]     [DRY-RUN] Aba 'ERB - 22851': 5 USOU(s) em [79, 221, 234, 248, 257]
2026-05-19 10:32:24,709 [WARNING]     ⚠ Aba 'LOJAS BAURU': coluna USOU não encontrada — pulada
2026-05-19 10:32:24,710 [WARNING] [BAURU] Abas sem USOU: LOJAS BAURU
2026-05-19 10:32:24,710 [INFO] [DRY-RUN] BAURU - Contagem Antilhas - 2026.xlsm não foi modificado
2026-05-19 10:32:24,710 [INFO] Processo 1 concluído.
2026-05-19 11:14:02,678 [INFO] Iniciando Processo 1 [DRY-RUN]
2026-05-19 11:14:02,680 [INFO] [DRY-RUN] Backup seria criado em: C:\Users\marcus\Desktop\AutomacaoAntilhas\antilhas\01_BACKUP\2026-05-19_11h14
2026-05-19 11:14:02,720 [INFO] [PRAIA] Abrindo: C:\Users\marcus\Desktop\AutomacaoAntilhas\antilhas\04_PLANILHAS_PAI\PRAIA - Contagem Antilhas - 2026.xlsm
2026-05-19 11:14:05,666 [DEBUG]     [DRY-RUN] Aba ' PL 12973': Novo Pedido — alvo col 62, template col 65 (11 datas)
2026-05-19 11:14:05,745 [DEBUG]     [DRY-RUN] Aba ' PL 12973': 2 USOU(s) em [32, 76]
2026-05-19 11:14:05,783 [DEBUG]     [DRY-RUN] Aba 'BOQ 11734': Novo Pedido — alvo col 88, template col 89 (98 datas)
2026-05-19 11:14:05,795 [DEBUG]     [DRY-RUN] Aba 'BOQ 11734': 2 USOU(s) em [82, 200]
2026-05-19 11:14:05,834 [DEBUG]     [DRY-RUN] Aba 'TP 14462': Novo Pedido — alvo col 88, template col 89 (82 datas)
2026-05-19 11:14:05,847 [DEBUG]     [DRY-RUN] Aba 'TP 14462': 2 USOU(s) em [82, 184]
2026-05-19 11:14:05,879 [DEBUG]     [DRY-RUN] Aba 'PB 5418': Novo Pedido — alvo col 87, template col 88 (86 datas)
2026-05-19 11:14:05,890 [DEBUG]     [DRY-RUN] Aba 'PB 5418': 2 USOU(s) em [82, 188]
2026-05-19 11:14:05,925 [DEBUG]     [DRY-RUN] Aba 'MG 11733': Novo Pedido — alvo col 88, template col 89 (75 datas)
2026-05-19 11:14:05,935 [DEBUG]     [DRY-RUN] Aba 'MG 11733': 2 USOU(s) em [82, 177]
2026-05-19 11:14:05,971 [DEBUG]     [DRY-RUN] Aba 'ATC - 23012': Novo Pedido — alvo col 87, template col 88 (71 datas)
2026-05-19 11:14:05,981 [DEBUG]     [DRY-RUN] Aba 'ATC - 23012': 2 USOU(s) em [82, 172]
2026-05-19 11:14:06,038 [DEBUG]     [DRY-RUN] Aba 'CDP - 24790': Novo Pedido — alvo col 88, template col 89 (111 datas)
2026-05-19 11:14:06,046 [DEBUG]     [DRY-RUN] Aba 'CDP - 24790': 1 USOU(s) em [82]
2026-05-19 11:14:06,151 [DEBUG]     [DRY-RUN] Aba 'ER BOQ - 23614': Novo Pedido — alvo col 88, template col 90 (113 datas)
2026-05-19 11:14:06,158 [DEBUG]     [DRY-RUN] Aba 'ER BOQ - 23614': 1 USOU(s) em [82]
2026-05-19 11:14:06,223 [DEBUG]     [DRY-RUN] Aba 'ER PBE - 23343': Novo Pedido — alvo col 87, template col 88 (97 datas)
2026-05-19 11:14:06,229 [DEBUG]     [DRY-RUN] Aba 'ER PBE - 23343': 1 USOU(s) em [82]
2026-05-19 11:14:06,247 [DEBUG]     [DRY-RUN] Aba 'ER MG - 24119': Novo Pedido — alvo col 45, template col 46 (29 datas)
2026-05-19 11:14:06,249 [DEBUG]     [DRY-RUN] Aba 'ER MG - 24119': 1 USOU(s) em [40]
2026-05-19 11:14:06,250 [WARNING]     ⚠ Aba 'LOJAS PRAIA': coluna USOU não encontrada — pulada
2026-05-19 11:14:06,251 [WARNING] [PRAIA] Abas sem USOU: LOJAS PRAIA
2026-05-19 11:14:06,251 [INFO] [DRY-RUN] PRAIA - Contagem Antilhas - 2026.xlsm não foi modificado
2026-05-19 11:14:06,251 [INFO] [JAU] Abrindo: C:\Users\marcus\Desktop\AutomacaoAntilhas\antilhas\04_PLANILHAS_PAI\JAÚ - Contagem Antilhas - 2026.xlsm
2026-05-19 11:14:08,793 [DEBUG]     [DRY-RUN] Aba 'JC 3822': Novo Pedido — alvo col 35, template col 36 (16 datas)
2026-05-19 11:14:08,801 [DEBUG]     [DRY-RUN] Aba 'JC 3822': 2 USOU(s) em [29, 63]
2026-05-19 11:14:08,808 [DEBUG]     [DRY-RUN] Aba 'JD 14446': Novo Pedido — alvo col 34, template col 35 (20 datas)
2026-05-19 11:14:08,817 [DEBUG]     [DRY-RUN] Aba 'JD 14446': 2 USOU(s) em [29, 66]
2026-05-19 11:14:08,824 [DEBUG]     [DRY-RUN] Aba 'BB 12066': Novo Pedido — alvo col 35, template col 37 (18 datas)
2026-05-19 11:14:08,829 [DEBUG]     [DRY-RUN] Aba 'BB 12066': 2 USOU(s) em [29, 66]
2026-05-19 11:14:08,834 [DEBUG]     [DRY-RUN] Aba 'SM 23048': Novo Pedido — alvo col 34, template col 36 (15 datas)
2026-05-19 11:14:08,841 [DEBUG]     [DRY-RUN] Aba 'SM 23048': 2 USOU(s) em [29, 62]
2026-05-19 11:14:08,847 [DEBUG]     [DRY-RUN] Aba 'JSH 11722': Novo Pedido — alvo col 35, template col 36 (22 datas)
2026-05-19 11:14:08,856 [DEBUG]     [DRY-RUN] Aba 'JSH 11722': 2 USOU(s) em [29, 69]
2026-05-19 11:14:08,862 [DEBUG]     [DRY-RUN] Aba 'CONF 14553': Novo Pedido — alvo col 34, template col 36 (15 datas)
2026-05-19 11:14:08,868 [DEBUG]     [DRY-RUN] Aba 'CONF 14553': 2 USOU(s) em [29, 62]
2026-05-19 11:14:08,877 [DEBUG]     [DRY-RUN] Aba 'DC 7529': Novo Pedido — alvo col 34, template col 36 (17 datas)
2026-05-19 11:14:08,879 [DEBUG]     [DRY-RUN] Aba 'DC 7529': 2 USOU(s) em [29, 64]
2026-05-19 11:14:08,885 [DEBUG]     [DRY-RUN] Aba 'IT 6942': Novo Pedido — alvo col 34, template col 36 (13 datas)
2026-05-19 11:14:08,887 [DEBUG]     [DRY-RUN] Aba 'IT 6942': 2 USOU(s) em [29, 60]
2026-05-19 11:14:08,895 [DEBUG]     [DRY-RUN] Aba 'BR 6954': Novo Pedido — alvo col 35, template col 37 (13 datas)
2026-05-19 11:14:08,898 [DEBUG]     [DRY-RUN] Aba 'BR 6954': 2 USOU(s) em [29, 61]
2026-05-19 11:14:08,910 [DEBUG]     [DRY-RUN] Aba 'CDJ 23091': Novo Pedido — alvo col 35, template col 36 (27 datas)
2026-05-19 11:14:08,912 [DEBUG]     [DRY-RUN] Aba 'CDJ 23091': 1 USOU(s) em [29]
2026-05-19 11:14:08,927 [DEBUG]     [DRY-RUN] Aba 'ERJ 22838': Novo Pedido — alvo col 36, template col 37 (29 datas)
2026-05-19 11:14:08,929 [DEBUG]     [DRY-RUN] Aba 'ERJ 22838': 1 USOU(s) em [30]
2026-05-19 11:14:08,941 [DEBUG]     [DRY-RUN] Aba 'ER SM 24137': Novo Pedido — alvo col 36, template col 37 (24 datas)
2026-05-19 11:14:08,943 [DEBUG]     [DRY-RUN] Aba 'ER SM 24137': 1 USOU(s) em [30]
2026-05-19 11:14:08,943 [INFO] [DRY-RUN] JAÚ - Contagem Antilhas - 2026.xlsm não foi modificado
2026-05-19 11:14:08,943 [INFO] [BAURU] Abrindo: C:\Users\marcus\Desktop\AutomacaoAntilhas\antilhas\04_PLANILHAS_PAI\BAURU - Contagem Antilhas - 2026.xlsm
2026-05-19 11:14:12,941 [DEBUG]     [DRY-RUN] Aba 'BSH 6700': Novo Pedido — alvo col 86, template col 87 (84 datas)
2026-05-19 11:14:12,953 [DEBUG]     [DRY-RUN] Aba 'BSH 6700': 2 USOU(s) em [80, 182]
2026-05-19 11:14:12,996 [DEBUG]     [DRY-RUN] Aba 'BOUL 13868': Novo Pedido — alvo col 85, template col 86 (83 datas)
2026-05-19 11:14:13,010 [DEBUG]     [DRY-RUN] Aba 'BOUL 13868': 2 USOU(s) em [80, 180]
2026-05-19 11:14:13,045 [DEBUG]     [DRY-RUN] Aba 'TT 13370': Novo Pedido — alvo col 85, template col 86 (75 datas)
2026-05-19 11:14:13,055 [DEBUG]     [DRY-RUN] Aba 'TT 13370': 2 USOU(s) em [80, 172]
2026-05-19 11:14:13,100 [DEBUG]     [DRY-RUN] Aba 'TDQ 20000': Novo Pedido — alvo col 80, template col 81 (73 datas)
2026-05-19 11:14:13,114 [DEBUG]     [DRY-RUN] Aba 'TDQ 20000': 2 USOU(s) em [75, 165]
2026-05-19 11:14:13,160 [DEBUG]     [DRY-RUN] Aba 'GET 23049': Novo Pedido — alvo col 85, template col 86 (73 datas)
2026-05-19 11:14:13,174 [DEBUG]     [DRY-RUN] Aba 'GET 23049': 2 USOU(s) em [80, 170]
2026-05-19 11:14:13,280 [DEBUG]     [DRY-RUN] Aba 'Q7 6727': Novo Pedido — alvo col 85, template col 86 (74 datas)
2026-05-19 11:14:13,291 [DEBUG]     [DRY-RUN] Aba 'Q7 6727': 2 USOU(s) em [80, 171]
2026-05-19 11:14:13,341 [DEBUG]     [DRY-RUN] Aba 'Q2 12466': Novo Pedido — alvo col 85, template col 86 (64 datas)
2026-05-19 11:14:13,354 [DEBUG]     [DRY-RUN] Aba 'Q2 12466': 2 USOU(s) em [80, 161]
2026-05-19 11:14:13,386 [DEBUG]     [DRY-RUN] Aba 'MD 12942': Novo Pedido — alvo col 85, template col 86 (52 datas)
2026-05-19 11:14:13,391 [DEBUG]     [DRY-RUN] Aba 'MD 12942': 2 USOU(s) em [80, 149]
2026-05-19 11:14:13,452 [DEBUG]     [DRY-RUN] Aba 'CDB - 23280': Novo Pedido — alvo col 86, template col 87 (103 datas)
2026-05-19 11:14:13,472 [DEBUG]     [DRY-RUN] Aba 'CDB - 23280': 5 USOU(s) em [80, 206, 219, 233, 242]
2026-05-19 11:14:13,556 [DEBUG]     [DRY-RUN] Aba 'ERB - 22851': Novo Pedido — alvo col 85, template col 86 (114 datas)
2026-05-19 11:14:13,570 [DEBUG]     [DRY-RUN] Aba 'ERB - 22851': 5 USOU(s) em [79, 222, 235, 249, 258]
2026-05-19 11:14:13,572 [WARNING]     ⚠ Aba 'LOJAS BAURU': coluna USOU não encontrada — pulada
2026-05-19 11:14:13,572 [WARNING] [BAURU] Abas sem USOU: LOJAS BAURU
2026-05-19 11:14:13,572 [INFO] [DRY-RUN] BAURU - Contagem Antilhas - 2026.xlsm não foi modificado
2026-05-19 11:14:13,572 [INFO] Processo 1 concluído.
2026-05-19 11:30:44,208 [INFO] Iniciando Processo 1 [DRY-RUN]
2026-05-19 11:30:44,210 [INFO] [DRY-RUN] Backup seria criado em: C:\Users\marcus\Desktop\AutomacaoAntilhas\antilhas\01_BACKUP\2026-05-19_11h30
2026-05-19 11:30:44,243 [INFO] [PRAIA] Abrindo: C:\Users\marcus\Desktop\AutomacaoAntilhas\antilhas\04_PLANILHAS_PAI\PRAIA - Contagem Antilhas - 2026.xlsm
2026-05-19 11:30:47,122 [DEBUG]     [DRY-RUN] Aba ' PL 12973': Novo Pedido — alvo col 61, template col 64 (9 datas)
2026-05-19 11:30:47,130 [DEBUG]     [DRY-RUN] Aba ' PL 12973': 2 USOU(s) em [31, 73]
2026-05-19 11:30:47,166 [DEBUG]     [DRY-RUN] Aba 'BOQ 11734': Novo Pedido — alvo col 87, template col 88 (97 datas)
2026-05-19 11:30:47,177 [DEBUG]     [DRY-RUN] Aba 'BOQ 11734': 2 USOU(s) em [81, 197]
2026-05-19 11:30:47,213 [DEBUG]     [DRY-RUN] Aba 'TP 14462': Novo Pedido — alvo col 87, template col 88 (81 datas)
2026-05-19 11:30:47,225 [DEBUG]     [DRY-RUN] Aba 'TP 14462': 2 USOU(s) em [81, 181]
2026-05-19 11:30:47,256 [DEBUG]     [DRY-RUN] Aba 'PB 5418': Novo Pedido — alvo col 86, template col 87 (85 datas)
2026-05-19 11:30:47,266 [DEBUG]     [DRY-RUN] Aba 'PB 5418': 2 USOU(s) em [81, 185]
2026-05-19 11:30:47,302 [DEBUG]     [DRY-RUN] Aba 'MG 11733': Novo Pedido — alvo col 87, template col 88 (74 datas)
2026-05-19 11:30:47,309 [DEBUG]     [DRY-RUN] Aba 'MG 11733': 2 USOU(s) em [81, 174]
2026-05-19 11:30:47,345 [DEBUG]     [DRY-RUN] Aba 'ATC - 23012': Novo Pedido — alvo col 86, template col 87 (70 datas)
2026-05-19 11:30:47,354 [DEBUG]     [DRY-RUN] Aba 'ATC - 23012': 2 USOU(s) em [81, 169]
2026-05-19 11:30:47,408 [DEBUG]     [DRY-RUN] Aba 'CDP - 24790': Novo Pedido — alvo col 87, template col 88 (110 datas)
2026-05-19 11:30:47,413 [DEBUG]     [DRY-RUN] Aba 'CDP - 24790': 1 USOU(s) em [81]
2026-05-19 11:30:47,482 [DEBUG]     [DRY-RUN] Aba 'ER BOQ - 23614': Novo Pedido — alvo col 87, template col 89 (112 datas)
2026-05-19 11:30:47,488 [DEBUG]     [DRY-RUN] Aba 'ER BOQ - 23614': 1 USOU(s) em [81]
2026-05-19 11:30:47,550 [DEBUG]     [DRY-RUN] Aba 'ER PBE - 23343': Novo Pedido — alvo col 86, template col 87 (96 datas)
2026-05-19 11:30:47,555 [DEBUG]     [DRY-RUN] Aba 'ER PBE - 23343': 1 USOU(s) em [81]
2026-05-19 11:30:47,571 [DEBUG]     [DRY-RUN] Aba 'ER MG - 24119': Novo Pedido — alvo col 44, template col 45 (28 datas)
2026-05-19 11:30:47,573 [DEBUG]     [DRY-RUN] Aba 'ER MG - 24119': 1 USOU(s) em [39]
2026-05-19 11:30:47,574 [WARNING]     ⚠ Aba 'LOJAS PRAIA': coluna USOU não encontrada — pulada
2026-05-19 11:30:47,576 [WARNING] [PRAIA] Abas sem USOU: LOJAS PRAIA
2026-05-19 11:30:47,576 [INFO] [DRY-RUN] PRAIA - Contagem Antilhas - 2026.xlsm não foi modificado
2026-05-19 11:30:47,576 [INFO] [JAU] Abrindo: C:\Users\marcus\Desktop\AutomacaoAntilhas\antilhas\04_PLANILHAS_PAI\JAÚ - Contagem Antilhas - 2026.xlsm
2026-05-19 11:30:49,955 [DEBUG]     [DRY-RUN] Aba 'JC 3822': Novo Pedido — alvo col 34, template col 35 (15 datas)
2026-05-19 11:30:49,963 [DEBUG]     [DRY-RUN] Aba 'JC 3822': 2 USOU(s) em [28, 60]
2026-05-19 11:30:49,968 [DEBUG]     [DRY-RUN] Aba 'JD 14446': Novo Pedido — alvo col 33, template col 34 (19 datas)
2026-05-19 11:30:49,975 [DEBUG]     [DRY-RUN] Aba 'JD 14446': 2 USOU(s) em [28, 63]
2026-05-19 11:30:49,980 [DEBUG]     [DRY-RUN] Aba 'BB 12066': Novo Pedido — alvo col 34, template col 36 (17 datas)
2026-05-19 11:30:49,986 [DEBUG]     [DRY-RUN] Aba 'BB 12066': 2 USOU(s) em [28, 63]
2026-05-19 11:30:49,990 [DEBUG]     [DRY-RUN] Aba 'SM 23048': Novo Pedido — alvo col 33, template col 35 (14 datas)
2026-05-19 11:30:49,996 [DEBUG]     [DRY-RUN] Aba 'SM 23048': 2 USOU(s) em [28, 59]
2026-05-19 11:30:50,001 [DEBUG]     [DRY-RUN] Aba 'JSH 11722': Novo Pedido — alvo col 34, template col 35 (21 datas)
2026-05-19 11:30:50,008 [DEBUG]     [DRY-RUN] Aba 'JSH 11722': 2 USOU(s) em [28, 66]
2026-05-19 11:30:50,013 [DEBUG]     [DRY-RUN] Aba 'CONF 14553': Novo Pedido — alvo col 33, template col 35 (14 datas)
2026-05-19 11:30:50,020 [DEBUG]     [DRY-RUN] Aba 'CONF 14553': 2 USOU(s) em [28, 59]
2026-05-19 11:30:50,028 [DEBUG]     [DRY-RUN] Aba 'DC 7529': Novo Pedido — alvo col 33, template col 35 (16 datas)
2026-05-19 11:30:50,029 [DEBUG]     [DRY-RUN] Aba 'DC 7529': 2 USOU(s) em [28, 61]
2026-05-19 11:30:50,034 [DEBUG]     [DRY-RUN] Aba 'IT 6942': Novo Pedido — alvo col 33, template col 35 (12 datas)
2026-05-19 11:30:50,035 [DEBUG]     [DRY-RUN] Aba 'IT 6942': 2 USOU(s) em [28, 57]
2026-05-19 11:30:50,044 [DEBUG]     [DRY-RUN] Aba 'BR 6954': Novo Pedido — alvo col 34, template col 36 (12 datas)
2026-05-19 11:30:50,045 [DEBUG]     [DRY-RUN] Aba 'BR 6954': 2 USOU(s) em [28, 58]
2026-05-19 11:30:50,057 [DEBUG]     [DRY-RUN] Aba 'CDJ 23091': Novo Pedido — alvo col 34, template col 35 (26 datas)
2026-05-19 11:30:50,059 [DEBUG]     [DRY-RUN] Aba 'CDJ 23091': 1 USOU(s) em [28]
2026-05-19 11:30:50,072 [DEBUG]     [DRY-RUN] Aba 'ERJ 22838': Novo Pedido — alvo col 35, template col 36 (28 datas)
2026-05-19 11:30:50,073 [DEBUG]     [DRY-RUN] Aba 'ERJ 22838': 1 USOU(s) em [29]
2026-05-19 11:30:50,084 [DEBUG]     [DRY-RUN] Aba 'ER SM 24137': Novo Pedido — alvo col 35, template col 36 (23 datas)
2026-05-19 11:30:50,085 [DEBUG]     [DRY-RUN] Aba 'ER SM 24137': 1 USOU(s) em [29]
2026-05-19 11:30:50,087 [INFO] [DRY-RUN] JAÚ - Contagem Antilhas - 2026.xlsm não foi modificado
2026-05-19 11:30:50,087 [INFO] [BAURU] Abrindo: C:\Users\marcus\Desktop\AutomacaoAntilhas\antilhas\04_PLANILHAS_PAI\BAURU - Contagem Antilhas - 2026.xlsm
2026-05-19 11:30:53,919 [DEBUG]     [DRY-RUN] Aba 'BSH 6700': Novo Pedido — alvo col 85, template col 86 (83 datas)
2026-05-19 11:30:53,931 [DEBUG]     [DRY-RUN] Aba 'BSH 6700': 2 USOU(s) em [79, 179]
2026-05-19 11:30:53,966 [DEBUG]     [DRY-RUN] Aba 'BOUL 13868': Novo Pedido — alvo col 84, template col 85 (82 datas)
2026-05-19 11:30:53,976 [DEBUG]     [DRY-RUN] Aba 'BOUL 13868': 2 USOU(s) em [79, 177]
2026-05-19 11:30:54,005 [DEBUG]     [DRY-RUN] Aba 'TT 13370': Novo Pedido — alvo col 84, template col 85 (74 datas)
2026-05-19 11:30:54,015 [DEBUG]     [DRY-RUN] Aba 'TT 13370': 2 USOU(s) em [79, 169]
2026-05-19 11:30:54,052 [DEBUG]     [DRY-RUN] Aba 'TDQ 20000': Novo Pedido — alvo col 79, template col 80 (72 datas)
2026-05-19 11:30:54,062 [DEBUG]     [DRY-RUN] Aba 'TDQ 20000': 2 USOU(s) em [74, 162]
2026-05-19 11:30:54,104 [DEBUG]     [DRY-RUN] Aba 'GET 23049': Novo Pedido — alvo col 84, template col 85 (72 datas)
2026-05-19 11:30:54,116 [DEBUG]     [DRY-RUN] Aba 'GET 23049': 2 USOU(s) em [79, 167]
2026-05-19 11:30:54,139 [DEBUG]     [DRY-RUN] Aba 'Q7 6727': Novo Pedido — alvo col 84, template col 85 (73 datas)
2026-05-19 11:30:54,147 [DEBUG]     [DRY-RUN] Aba 'Q7 6727': 2 USOU(s) em [79, 168]
2026-05-19 11:30:54,193 [DEBUG]     [DRY-RUN] Aba 'Q2 12466': Novo Pedido — alvo col 84, template col 85 (63 datas)
2026-05-19 11:30:54,204 [DEBUG]     [DRY-RUN] Aba 'Q2 12466': 2 USOU(s) em [79, 158]
2026-05-19 11:30:54,235 [DEBUG]     [DRY-RUN] Aba 'MD 12942': Novo Pedido — alvo col 84, template col 85 (51 datas)
2026-05-19 11:30:54,238 [DEBUG]     [DRY-RUN] Aba 'MD 12942': 2 USOU(s) em [79, 146]
2026-05-19 11:30:54,295 [DEBUG]     [DRY-RUN] Aba 'CDB - 23280': Novo Pedido — alvo col 85, template col 86 (102 datas)
2026-05-19 11:30:54,312 [DEBUG]     [DRY-RUN] Aba 'CDB - 23280': 5 USOU(s) em [79, 203, 215, 228, 236]
2026-05-19 11:30:54,394 [DEBUG]     [DRY-RUN] Aba 'ERB - 22851': Novo Pedido — alvo col 84, template col 85 (113 datas)
2026-05-19 11:30:54,406 [DEBUG]     [DRY-RUN] Aba 'ERB - 22851': 5 USOU(s) em [78, 219, 231, 244, 252]
2026-05-19 11:30:54,407 [WARNING]     ⚠ Aba 'LOJAS BAURU': coluna USOU não encontrada — pulada
2026-05-19 11:30:54,409 [WARNING] [BAURU] Abas sem USOU: LOJAS BAURU
2026-05-19 11:30:54,409 [INFO] [DRY-RUN] BAURU - Contagem Antilhas - 2026.xlsm não foi modificado
2026-05-19 11:30:54,410 [INFO] Processo 1 concluído.
2026-05-19 14:43:08,212 [INFO] Iniciando Processo 1 [DRY-RUN]
2026-05-19 14:43:08,217 [INFO] [DRY-RUN] Backup seria criado em: C:\Users\marcus\Desktop\AutomacaoAntilhas\antilhas\01_BACKUP\2026-05-19_14h43
2026-05-19 14:43:08,253 [INFO] [PRAIA] Abrindo: C:\Users\marcus\Desktop\AutomacaoAntilhas\antilhas\04_PLANILHAS_PAI\PRAIA - Contagem Antilhas - 2026.xlsm
2026-05-19 14:43:11,009 [DEBUG]     [DRY-RUN] Aba ' PL 12973': 2 USOU(s) em [32, 74]
2026-05-19 14:43:11,034 [DEBUG]     [DRY-RUN] Aba ' PL 12973': Novo Pedido — inserção em col 65 (9 datas existentes)
2026-05-19 14:43:11,104 [DEBUG]     [DRY-RUN] Aba 'BOQ 11734': 2 USOU(s) em [82, 198]
2026-05-19 14:43:11,146 [DEBUG]     [DRY-RUN] Aba 'BOQ 11734': Novo Pedido — inserção em col 89 (97 datas existentes)
2026-05-19 14:43:11,157 [DEBUG]     [DRY-RUN] Aba 'TP 14462': 2 USOU(s) em [82, 182]
2026-05-19 14:43:11,204 [DEBUG]     [DRY-RUN] Aba 'TP 14462': Novo Pedido — inserção em col 89 (81 datas existentes)
2026-05-19 14:43:11,214 [DEBUG]     [DRY-RUN] Aba 'PB 5418': 2 USOU(s) em [82, 186]
2026-05-19 14:43:11,250 [DEBUG]     [DRY-RUN] Aba 'PB 5418': Novo Pedido — inserção em col 88 (85 datas existentes)
2026-05-19 14:43:11,259 [DEBUG]     [DRY-RUN] Aba 'MG 11733': 2 USOU(s) em [82, 175]
2026-05-19 14:43:11,297 [DEBUG]     [DRY-RUN] Aba 'MG 11733': Novo Pedido — inserção em col 89 (74 datas existentes)
2026-05-19 14:43:11,306 [DEBUG]     [DRY-RUN] Aba 'ATC - 23012': 2 USOU(s) em [82, 170]
2026-05-19 14:43:11,348 [DEBUG]     [DRY-RUN] Aba 'ATC - 23012': Novo Pedido — inserção em col 88 (70 datas existentes)
2026-05-19 14:43:11,354 [DEBUG]     [DRY-RUN] Aba 'CDP - 24790': 1 USOU(s) em [82]
2026-05-19 14:43:11,410 [DEBUG]     [DRY-RUN] Aba 'CDP - 24790': Novo Pedido — inserção em col 89 (110 datas existentes)
2026-05-19 14:43:11,416 [DEBUG]     [DRY-RUN] Aba 'ER BOQ - 23614': 1 USOU(s) em [82]
2026-05-19 14:43:11,483 [DEBUG]     [DRY-RUN] Aba 'ER BOQ - 23614': Novo Pedido — inserção em col 90 (112 datas existentes)
2026-05-19 14:43:11,489 [DEBUG]     [DRY-RUN] Aba 'ER PBE - 23343': 1 USOU(s) em [82]
2026-05-19 14:43:11,548 [DEBUG]     [DRY-RUN] Aba 'ER PBE - 23343': Novo Pedido — inserção em col 88 (96 datas existentes)
2026-05-19 14:43:11,551 [DEBUG]     [DRY-RUN] Aba 'ER MG - 24119': 1 USOU(s) em [40]
2026-05-19 14:43:11,565 [DEBUG]     [DRY-RUN] Aba 'ER MG - 24119': Novo Pedido — inserção em col 46 (28 datas existentes)
2026-05-19 14:43:11,566 [WARNING]     ⚠ Aba 'LOJAS PRAIA': coluna USOU não encontrada — pulada
2026-05-19 14:43:11,568 [WARNING] [PRAIA] Abas sem USOU: LOJAS PRAIA
2026-05-19 14:43:11,569 [INFO] [DRY-RUN] PRAIA - Contagem Antilhas - 2026.xlsm não foi modificado
2026-05-19 14:43:11,569 [INFO] [JAU] Abrindo: C:\Users\marcus\Desktop\AutomacaoAntilhas\antilhas\04_PLANILHAS_PAI\JAÚ - Contagem Antilhas - 2026.xlsm
2026-05-19 14:43:13,831 [DEBUG]     [DRY-RUN] Aba 'JC 3822': 2 USOU(s) em [30, 63]
2026-05-19 14:43:13,842 [DEBUG]     [DRY-RUN] Aba 'JC 3822': Novo Pedido — inserção em col 37 (15 datas existentes)
2026-05-19 14:43:13,848 [DEBUG]     [DRY-RUN] Aba 'JD 14446': 2 USOU(s) em [30, 66]
2026-05-19 14:43:13,858 [DEBUG]     [DRY-RUN] Aba 'JD 14446': Novo Pedido — inserção em col 36 (19 datas existentes)
2026-05-19 14:43:13,863 [DEBUG]     [DRY-RUN] Aba 'BB 12066': 2 USOU(s) em [30, 66]
2026-05-19 14:43:13,871 [DEBUG]     [DRY-RUN] Aba 'BB 12066': Novo Pedido — inserção em col 38 (17 datas existentes)
2026-05-19 14:43:13,878 [DEBUG]     [DRY-RUN] Aba 'SM 23048': 2 USOU(s) em [30, 62]
2026-05-19 14:43:13,886 [DEBUG]     [DRY-RUN] Aba 'SM 23048': Novo Pedido — inserção em col 37 (14 datas existentes)
2026-05-19 14:43:13,894 [DEBUG]     [DRY-RUN] Aba 'JSH 11722': 2 USOU(s) em [30, 69]
2026-05-19 14:43:13,904 [DEBUG]     [DRY-RUN] Aba 'JSH 11722': Novo Pedido — inserção em col 37 (21 datas existentes)
2026-05-19 14:43:13,910 [DEBUG]     [DRY-RUN] Aba 'CONF 14553': 2 USOU(s) em [30, 62]
2026-05-19 14:43:13,918 [DEBUG]     [DRY-RUN] Aba 'CONF 14553': Novo Pedido — inserção em col 37 (14 datas existentes)
2026-05-19 14:43:13,920 [DEBUG]     [DRY-RUN] Aba 'DC 7529': 2 USOU(s) em [30, 64]
2026-05-19 14:43:13,928 [DEBUG]     [DRY-RUN] Aba 'DC 7529': Novo Pedido — inserção em col 37 (16 datas existentes)
2026-05-19 14:43:13,930 [DEBUG]     [DRY-RUN] Aba 'IT 6942': 2 USOU(s) em [30, 60]
2026-05-19 14:43:13,935 [DEBUG]     [DRY-RUN] Aba 'IT 6942': Novo Pedido — inserção em col 37 (12 datas existentes)
2026-05-19 14:43:13,937 [DEBUG]     [DRY-RUN] Aba 'BR 6954': 2 USOU(s) em [30, 61]
2026-05-19 14:43:13,946 [DEBUG]     [DRY-RUN] Aba 'BR 6954': Novo Pedido — inserção em col 38 (12 datas existentes)
2026-05-19 14:43:13,948 [DEBUG]     [DRY-RUN] Aba 'CDJ 23091': 1 USOU(s) em [30]
2026-05-19 14:43:13,958 [DEBUG]     [DRY-RUN] Aba 'CDJ 23091': Novo Pedido — inserção em col 37 (26 datas existentes)
2026-05-19 14:43:13,960 [DEBUG]     [DRY-RUN] Aba 'ERJ 22838': 1 USOU(s) em [31]
2026-05-19 14:43:13,973 [DEBUG]     [DRY-RUN] Aba 'ERJ 22838': Novo Pedido — inserção em col 38 (28 datas existentes)
2026-05-19 14:43:13,975 [DEBUG]     [DRY-RUN] Aba 'ER SM 24137': 1 USOU(s) em [31]
2026-05-19 14:43:13,985 [DEBUG]     [DRY-RUN] Aba 'ER SM 24137': Novo Pedido — inserção em col 38 (23 datas existentes)
2026-05-19 14:43:13,987 [INFO] [DRY-RUN] JAÚ - Contagem Antilhas - 2026.xlsm não foi modificado
2026-05-19 14:43:13,988 [INFO] [BAURU] Abrindo: C:\Users\marcus\Desktop\AutomacaoAntilhas\antilhas\04_PLANILHAS_PAI\BAURU - Contagem Antilhas - 2026.xlsm
2026-05-19 14:43:17,599 [DEBUG]     [DRY-RUN] Aba 'BSH 6700': 2 USOU(s) em [81, 182]
2026-05-19 14:43:17,643 [DEBUG]     [DRY-RUN] Aba 'BSH 6700': Novo Pedido — inserção em col 88 (83 datas existentes)
2026-05-19 14:43:17,653 [DEBUG]     [DRY-RUN] Aba 'BOUL 13868': 2 USOU(s) em [81, 180]
2026-05-19 14:43:17,699 [DEBUG]     [DRY-RUN] Aba 'BOUL 13868': Novo Pedido — inserção em col 87 (82 datas existentes)
2026-05-19 14:43:17,709 [DEBUG]     [DRY-RUN] Aba 'TT 13370': 2 USOU(s) em [81, 172]
2026-05-19 14:43:17,748 [DEBUG]     [DRY-RUN] Aba 'TT 13370': Novo Pedido — inserção em col 87 (74 datas existentes)
2026-05-19 14:43:17,759 [DEBUG]     [DRY-RUN] Aba 'TDQ 20000': 2 USOU(s) em [76, 165]
2026-05-19 14:43:17,809 [DEBUG]     [DRY-RUN] Aba 'TDQ 20000': Novo Pedido — inserção em col 82 (72 datas existentes)
2026-05-19 14:43:17,821 [DEBUG]     [DRY-RUN] Aba 'GET 23049': 2 USOU(s) em [81, 170]
2026-05-19 14:43:17,875 [DEBUG]     [DRY-RUN] Aba 'GET 23049': Novo Pedido — inserção em col 87 (72 datas existentes)
2026-05-19 14:43:17,885 [DEBUG]     [DRY-RUN] Aba 'Q7 6727': 2 USOU(s) em [81, 171]
2026-05-19 14:43:17,916 [DEBUG]     [DRY-RUN] Aba 'Q7 6727': Novo Pedido — inserção em col 87 (73 datas existentes)
2026-05-19 14:43:17,997 [DEBUG]     [DRY-RUN] Aba 'Q2 12466': 2 USOU(s) em [81, 161]
2026-05-19 14:43:18,054 [DEBUG]     [DRY-RUN] Aba 'Q2 12466': Novo Pedido — inserção em col 87 (63 datas existentes)
2026-05-19 14:43:18,059 [DEBUG]     [DRY-RUN] Aba 'MD 12942': 2 USOU(s) em [81, 149]
2026-05-19 14:43:18,089 [DEBUG]     [DRY-RUN] Aba 'MD 12942': Novo Pedido — inserção em col 87 (51 datas existentes)
2026-05-19 14:43:18,107 [DEBUG]     [DRY-RUN] Aba 'CDB - 23280': 5 USOU(s) em [81, 206, 219, 233, 242]
2026-05-19 14:43:18,181 [DEBUG]     [DRY-RUN] Aba 'CDB - 23280': Novo Pedido — inserção em col 88 (102 datas existentes)
2026-05-19 14:43:18,195 [DEBUG]     [DRY-RUN] Aba 'ERB - 22851': 5 USOU(s) em [80, 222, 235, 249, 258]
2026-05-19 14:43:18,271 [DEBUG]     [DRY-RUN] Aba 'ERB - 22851': Novo Pedido — inserção em col 87 (113 datas existentes)
2026-05-19 14:43:18,271 [WARNING]     ⚠ Aba 'LOJAS BAURU': coluna USOU não encontrada — pulada
2026-05-19 14:43:18,273 [WARNING] [BAURU] Abas sem USOU: LOJAS BAURU
2026-05-19 14:43:18,274 [INFO] [DRY-RUN] BAURU - Contagem Antilhas - 2026.xlsm não foi modificado
2026-05-19 14:43:18,274 [INFO] Processo 1 concluído.
