2026-05-18 17:55:55,980 [INFO] Iniciando Processo 1
2026-05-18 17:55:55,986 [DEBUG]   Backup: PRAIA - Contagem Antilhas - 2026.xlsm → C:\Users\marcus\Desktop\AutomacaoAntilhas\antilhas\01_BACKUP\2026-05-18_17h55\PRAIA - Contagem Antilhas - 2026.xlsm
2026-05-18 17:55:55,990 [DEBUG]   Backup: JAÚ - Contagem Antilhas - 2026.xlsm → C:\Users\marcus\Desktop\AutomacaoAntilhas\antilhas\01_BACKUP\2026-05-18_17h55\JAÚ - Contagem Antilhas - 2026.xlsm
2026-05-18 17:55:55,994 [DEBUG]   Backup: BAURU - Contagem Antilhas - 2026.xlsm → C:\Users\marcus\Desktop\AutomacaoAntilhas\antilhas\01_BACKUP\2026-05-18_17h55\BAURU - Contagem Antilhas - 2026.xlsm
2026-05-18 17:55:55,995 [INFO] Backup criado em: C:\Users\marcus\Desktop\AutomacaoAntilhas\antilhas\01_BACKUP\2026-05-18_17h55
2026-05-18 17:55:56,034 [INFO] [PRAIA] Abrindo: C:\Users\marcus\Desktop\AutomacaoAntilhas\antilhas\04_PLANILHAS_PAI\PRAIA - Contagem Antilhas - 2026.xlsm
2026-05-18 17:55:59,312 [DEBUG]     Aba ' PL 12973': coluna inserida em posição 29
2026-05-18 17:55:59,369 [DEBUG]     Aba 'BOQ 11734': coluna inserida em posição 79
2026-05-18 17:55:59,431 [DEBUG]     Aba 'TP 14462': coluna inserida em posição 79
2026-05-18 17:55:59,477 [DEBUG]     Aba 'PB 5418': coluna inserida em posição 79
2026-05-18 17:55:59,533 [DEBUG]     Aba 'MG 11733': coluna inserida em posição 79
2026-05-18 17:55:59,587 [DEBUG]     Aba 'ATC - 23012': coluna inserida em posição 79
2026-05-18 17:55:59,656 [DEBUG]     Aba 'CDP - 24790': coluna inserida em posição 79
2026-05-18 17:55:59,737 [DEBUG]     Aba 'ER BOQ - 23614': coluna inserida em posição 79
2026-05-18 17:55:59,812 [DEBUG]     Aba 'ER PBE - 23343': coluna inserida em posição 79
2026-05-18 17:55:59,861 [DEBUG]     Aba 'ER MG - 24119': coluna inserida em posição 37
2026-05-18 17:55:59,862 [WARNING]     ⚠ Aba 'LOJAS PRAIA': coluna USOU não encontrada — pulada
2026-05-18 17:55:59,866 [WARNING] [PRAIA] Abas sem USOU: LOJAS PRAIA
2026-05-18 17:56:03,153 [INFO] [PRAIA] Salvo: PRAIA - Contagem Antilhas - 2026.xlsm
2026-05-18 17:56:03,154 [INFO] [JAU] Abrindo: C:\Users\marcus\Desktop\AutomacaoAntilhas\antilhas\04_PLANILHAS_PAI\JAÚ - Contagem Antilhas - 2026.xlsm
2026-05-18 17:56:05,705 [DEBUG]     Aba 'JC 3822': coluna inserida em posição 28
2026-05-18 17:56:05,748 [DEBUG]     Aba 'JD 14446': coluna inserida em posição 28
2026-05-18 17:56:05,779 [DEBUG]     Aba 'BB 12066': coluna inserida em posição 28
2026-05-18 17:56:05,811 [DEBUG]     Aba 'SM 23048': coluna inserida em posição 28
2026-05-18 17:56:05,893 [DEBUG]     Aba 'JSH 11722': coluna inserida em posição 28
2026-05-18 17:56:05,922 [DEBUG]     Aba 'CONF 14553': coluna inserida em posição 28
2026-05-18 17:56:05,971 [DEBUG]     Aba 'DC 7529': coluna inserida em posição 28
2026-05-18 17:56:05,991 [DEBUG]     Aba 'IT 6942': coluna inserida em posição 28
2026-05-18 17:56:06,034 [DEBUG]     Aba 'BR 6954': coluna inserida em posição 28
2026-05-18 17:56:06,080 [DEBUG]     Aba 'CDJ 23091': coluna inserida em posição 28
2026-05-18 17:56:06,131 [DEBUG]     Aba 'ERJ 22838': coluna inserida em posição 29
2026-05-18 17:56:06,179 [DEBUG]     Aba 'ER SM 24137': coluna inserida em posição 29
2026-05-18 17:56:07,980 [INFO] [JAU] Salvo: JAÚ - Contagem Antilhas - 2026.xlsm
2026-05-18 17:56:07,981 [INFO] [BAURU] Abrindo: C:\Users\marcus\Desktop\AutomacaoAntilhas\antilhas\04_PLANILHAS_PAI\BAURU - Contagem Antilhas - 2026.xlsm
2026-05-18 17:56:12,339 [DEBUG]     Aba 'BSH 6700': coluna inserida em posição 80
2026-05-18 17:56:12,494 [DEBUG]     Aba 'BOUL 13868': coluna inserida em posição 79
2026-05-18 17:56:12,558 [DEBUG]     Aba 'TT 13370': coluna inserida em posição 80
2026-05-18 17:56:12,665 [DEBUG]     Aba 'TDQ 20000': coluna inserida em posição 75
2026-05-18 17:56:12,780 [DEBUG]     Aba 'GET 23049': coluna inserida em posição 80
2026-05-18 17:56:12,829 [DEBUG]     Aba 'Q7 6727': coluna inserida em posição 80
2026-05-18 17:56:12,960 [DEBUG]     Aba 'Q2 12466': coluna inserida em posição 80
2026-05-18 17:56:13,001 [DEBUG]     Aba 'MD 12942': coluna inserida em posição 80
2026-05-18 17:56:13,156 [DEBUG]     Aba 'CDB - 23280': coluna inserida em posição 80
2026-05-18 17:56:13,397 [DEBUG]     Aba 'ERB - 22851': coluna inserida em posição 79
2026-05-18 17:56:13,398 [WARNING]     ⚠ Aba 'LOJAS BAURU': coluna USOU não encontrada — pulada
2026-05-18 17:56:13,401 [WARNING] [BAURU] Abas sem USOU: LOJAS BAURU
2026-05-18 17:56:16,828 [INFO] [BAURU] Salvo: BAURU - Contagem Antilhas - 2026.xlsm
2026-05-18 17:56:16,828 [INFO] Processo 1 concluído.
2026-05-18 18:00:02,548 [INFO] Iniciando Processo 1
2026-05-18 18:00:02,554 [DEBUG]   Backup: PRAIA - Contagem Antilhas - 2026.xlsm → C:\Users\marcus\Desktop\AutomacaoAntilhas\antilhas\01_BACKUP\2026-05-18_18h00\PRAIA - Contagem Antilhas - 2026.xlsm
2026-05-18 18:00:02,556 [DEBUG]   Backup: JAÚ - Contagem Antilhas - 2026.xlsm → C:\Users\marcus\Desktop\AutomacaoAntilhas\antilhas\01_BACKUP\2026-05-18_18h00\JAÚ - Contagem Antilhas - 2026.xlsm
2026-05-18 18:00:02,559 [DEBUG]   Backup: BAURU - Contagem Antilhas - 2026.xlsm → C:\Users\marcus\Desktop\AutomacaoAntilhas\antilhas\01_BACKUP\2026-05-18_18h00\BAURU - Contagem Antilhas - 2026.xlsm
2026-05-18 18:00:02,559 [INFO] Backup criado em: C:\Users\marcus\Desktop\AutomacaoAntilhas\antilhas\01_BACKUP\2026-05-18_18h00
2026-05-18 18:00:02,597 [INFO] [PRAIA] Abrindo: C:\Users\marcus\Desktop\AutomacaoAntilhas\antilhas\04_PLANILHAS_PAI\PRAIA - Contagem Antilhas - 2026.xlsm
2026-05-18 18:00:05,850 [DEBUG]     Aba ' PL 12973': coluna inserida em posição 31
2026-05-18 18:00:05,908 [DEBUG]     Aba 'BOQ 11734': coluna inserida em posição 81
2026-05-18 18:00:05,971 [DEBUG]     Aba 'TP 14462': coluna inserida em posição 81
2026-05-18 18:00:06,019 [DEBUG]     Aba 'PB 5418': coluna inserida em posição 81
2026-05-18 18:00:06,075 [DEBUG]     Aba 'MG 11733': coluna inserida em posição 81
2026-05-18 18:00:06,131 [DEBUG]     Aba 'ATC - 23012': coluna inserida em posição 81
2026-05-18 18:00:06,201 [DEBUG]     Aba 'CDP - 24790': coluna inserida em posição 81
2026-05-18 18:00:06,280 [DEBUG]     Aba 'ER BOQ - 23614': coluna inserida em posição 81
2026-05-18 18:00:06,355 [DEBUG]     Aba 'ER PBE - 23343': coluna inserida em posição 81
2026-05-18 18:00:06,404 [DEBUG]     Aba 'ER MG - 24119': coluna inserida em posição 39
2026-05-18 18:00:06,405 [WARNING]     ⚠ Aba 'LOJAS PRAIA': coluna USOU não encontrada — pulada
2026-05-18 18:00:06,409 [WARNING] [PRAIA] Abas sem USOU: LOJAS PRAIA
2026-05-18 18:00:09,393 [INFO] [PRAIA] Salvo: PRAIA - Contagem Antilhas - 2026.xlsm
2026-05-18 18:00:09,393 [INFO] [JAU] Abrindo: C:\Users\marcus\Desktop\AutomacaoAntilhas\antilhas\04_PLANILHAS_PAI\JAÚ - Contagem Antilhas - 2026.xlsm
2026-05-18 18:00:12,107 [DEBUG]     Aba 'JC 3822': coluna inserida em posição 28
2026-05-18 18:00:12,151 [DEBUG]     Aba 'JD 14446': coluna inserida em posição 28
2026-05-18 18:00:12,184 [DEBUG]     Aba 'BB 12066': coluna inserida em posição 28
2026-05-18 18:00:12,219 [DEBUG]     Aba 'SM 23048': coluna inserida em posição 28
2026-05-18 18:00:12,303 [DEBUG]     Aba 'JSH 11722': coluna inserida em posição 28
2026-05-18 18:00:12,332 [DEBUG]     Aba 'CONF 14553': coluna inserida em posição 28
2026-05-18 18:00:12,382 [DEBUG]     Aba 'DC 7529': coluna inserida em posição 28
2026-05-18 18:00:12,403 [DEBUG]     Aba 'IT 6942': coluna inserida em posição 28
2026-05-18 18:00:12,448 [DEBUG]     Aba 'BR 6954': coluna inserida em posição 28
2026-05-18 18:00:12,498 [DEBUG]     Aba 'CDJ 23091': coluna inserida em posição 28
2026-05-18 18:00:12,551 [DEBUG]     Aba 'ERJ 22838': coluna inserida em posição 29
2026-05-18 18:00:12,599 [DEBUG]     Aba 'ER SM 24137': coluna inserida em posição 29
2026-05-18 18:00:14,378 [INFO] [JAU] Salvo: JAÚ - Contagem Antilhas - 2026.xlsm
2026-05-18 18:00:14,378 [INFO] [BAURU] Abrindo: C:\Users\marcus\Desktop\AutomacaoAntilhas\antilhas\04_PLANILHAS_PAI\BAURU - Contagem Antilhas - 2026.xlsm
2026-05-18 18:00:18,768 [DEBUG]     Aba 'BSH 6700': coluna inserida em posição 79
2026-05-18 18:00:18,923 [DEBUG]     Aba 'BOUL 13868': coluna inserida em posição 79
2026-05-18 18:00:18,987 [DEBUG]     Aba 'TT 13370': coluna inserida em posição 79
2026-05-18 18:00:19,091 [DEBUG]     Aba 'TDQ 20000': coluna inserida em posição 74
2026-05-18 18:00:19,203 [DEBUG]     Aba 'GET 23049': coluna inserida em posição 79
2026-05-18 18:00:19,252 [DEBUG]     Aba 'Q7 6727': coluna inserida em posição 79
2026-05-18 18:00:19,395 [DEBUG]     Aba 'Q2 12466': coluna inserida em posição 79
2026-05-18 18:00:19,437 [DEBUG]     Aba 'MD 12942': coluna inserida em posição 79
2026-05-18 18:00:19,596 [DEBUG]     Aba 'CDB - 23280': coluna inserida em posição 79
2026-05-18 18:00:19,831 [DEBUG]     Aba 'ERB - 22851': coluna inserida em posição 78
2026-05-18 18:00:19,831 [WARNING]     ⚠ Aba 'LOJAS BAURU': coluna USOU não encontrada — pulada
2026-05-18 18:00:19,835 [WARNING] [BAURU] Abas sem USOU: LOJAS BAURU
2026-05-18 18:00:23,729 [INFO] [BAURU] Salvo: BAURU - Contagem Antilhas - 2026.xlsm
2026-05-18 18:00:23,730 [INFO] Processo 1 concluído.
2026-05-18 18:09:00,104 [INFO] Iniciando Processo 1
2026-05-18 18:09:00,110 [DEBUG]   Backup: PRAIA - Contagem Antilhas - 2026.xlsm → C:\Users\marcus\Desktop\AutomacaoAntilhas\antilhas\01_BACKUP\2026-05-18_18h09\PRAIA - Contagem Antilhas - 2026.xlsm
2026-05-18 18:09:00,112 [DEBUG]   Backup: JAÚ - Contagem Antilhas - 2026.xlsm → C:\Users\marcus\Desktop\AutomacaoAntilhas\antilhas\01_BACKUP\2026-05-18_18h09\JAÚ - Contagem Antilhas - 2026.xlsm
2026-05-18 18:09:00,115 [DEBUG]   Backup: BAURU - Contagem Antilhas - 2026.xlsm → C:\Users\marcus\Desktop\AutomacaoAntilhas\antilhas\01_BACKUP\2026-05-18_18h09\BAURU - Contagem Antilhas - 2026.xlsm
2026-05-18 18:09:00,116 [INFO] Backup criado em: C:\Users\marcus\Desktop\AutomacaoAntilhas\antilhas\01_BACKUP\2026-05-18_18h09
2026-05-18 18:09:00,152 [INFO] [PRAIA] Abrindo: C:\Users\marcus\Desktop\AutomacaoAntilhas\antilhas\04_PLANILHAS_PAI\PRAIA - Contagem Antilhas - 2026.xlsm
2026-05-18 18:09:03,781 [DEBUG]     Aba ' PL 12973': 2 col(s) inserida(s), escrita em posição 32
2026-05-18 18:09:03,896 [DEBUG]     Aba 'BOQ 11734': 2 col(s) inserida(s), escrita em posição 82
2026-05-18 18:09:04,019 [DEBUG]     Aba 'TP 14462': 2 col(s) inserida(s), escrita em posição 82
2026-05-18 18:09:04,102 [DEBUG]     Aba 'PB 5418': 2 col(s) inserida(s), escrita em posição 82
2026-05-18 18:09:04,187 [DEBUG]     Aba 'MG 11733': 2 col(s) inserida(s), escrita em posição 82
2026-05-18 18:09:04,273 [DEBUG]     Aba 'ATC - 23012': 2 col(s) inserida(s), escrita em posição 82
2026-05-18 18:09:04,349 [DEBUG]     Aba 'CDP - 24790': 1 col(s) inserida(s), escrita em posição 82
2026-05-18 18:09:04,434 [DEBUG]     Aba 'ER BOQ - 23614': 1 col(s) inserida(s), escrita em posição 82
2026-05-18 18:09:04,513 [DEBUG]     Aba 'ER PBE - 23343': 1 col(s) inserida(s), escrita em posição 82
2026-05-18 18:09:04,564 [DEBUG]     Aba 'ER MG - 24119': 1 col(s) inserida(s), escrita em posição 40
2026-05-18 18:09:04,564 [WARNING]     ⚠ Aba 'LOJAS PRAIA': coluna USOU não encontrada — pulada
2026-05-18 18:09:04,569 [WARNING] [PRAIA] Abas sem USOU: LOJAS PRAIA
2026-05-18 18:09:04,575 [ERROR] PRAIA - Contagem Antilhas - 2026.xlsm está aberto em outro programa — não foi possível salvar
2026-05-18 18:09:04,576 [INFO] [JAU] Abrindo: C:\Users\marcus\Desktop\AutomacaoAntilhas\antilhas\04_PLANILHAS_PAI\JAÚ - Contagem Antilhas - 2026.xlsm
2026-05-18 18:09:07,471 [DEBUG]     Aba 'JC 3822': 2 col(s) inserida(s), escrita em posição 29
2026-05-18 18:09:07,532 [DEBUG]     Aba 'JD 14446': 2 col(s) inserida(s), escrita em posição 29
2026-05-18 18:09:07,578 [DEBUG]     Aba 'BB 12066': 2 col(s) inserida(s), escrita em posição 29
2026-05-18 18:09:07,627 [DEBUG]     Aba 'SM 23048': 2 col(s) inserida(s), escrita em posição 29
2026-05-18 18:09:07,699 [DEBUG]     Aba 'JSH 11722': 2 col(s) inserida(s), escrita em posição 29
2026-05-18 18:09:07,762 [DEBUG]     Aba 'CONF 14553': 2 col(s) inserida(s), escrita em posição 29
2026-05-18 18:09:07,825 [DEBUG]     Aba 'DC 7529': 2 col(s) inserida(s), escrita em posição 29
2026-05-18 18:09:07,854 [DEBUG]     Aba 'IT 6942': 2 col(s) inserida(s), escrita em posição 29
2026-05-18 18:09:07,908 [DEBUG]     Aba 'BR 6954': 2 col(s) inserida(s), escrita em posição 29
2026-05-18 18:09:07,958 [DEBUG]     Aba 'CDJ 23091': 1 col(s) inserida(s), escrita em posição 29
2026-05-18 18:09:08,008 [DEBUG]     Aba 'ERJ 22838': 1 col(s) inserida(s), escrita em posição 30
2026-05-18 18:09:08,054 [DEBUG]     Aba 'ER SM 24137': 1 col(s) inserida(s), escrita em posição 30
2026-05-18 18:09:09,885 [INFO] [JAU] Salvo: JAÚ - Contagem Antilhas - 2026.xlsm
2026-05-18 18:09:09,885 [INFO] [BAURU] Abrindo: C:\Users\marcus\Desktop\AutomacaoAntilhas\antilhas\04_PLANILHAS_PAI\BAURU - Contagem Antilhas - 2026.xlsm
2026-05-18 18:09:13,981 [DEBUG]     Aba 'BSH 6700': 2 col(s) inserida(s), escrita em posição 80
2026-05-18 18:09:14,092 [DEBUG]     Aba 'BOUL 13868': 2 col(s) inserida(s), escrita em posição 80
2026-05-18 18:09:14,183 [DEBUG]     Aba 'TT 13370': 2 col(s) inserida(s), escrita em posição 80
2026-05-18 18:09:14,335 [DEBUG]     Aba 'TDQ 20000': 2 col(s) inserida(s), escrita em posição 75
2026-05-18 18:09:14,485 [DEBUG]     Aba 'GET 23049': 2 col(s) inserida(s), escrita em posição 80
2026-05-18 18:09:14,551 [DEBUG]     Aba 'Q7 6727': 2 col(s) inserida(s), escrita em posição 80
2026-05-18 18:09:14,721 [DEBUG]     Aba 'Q2 12466': 2 col(s) inserida(s), escrita em posição 80
2026-05-18 18:09:14,776 [DEBUG]     Aba 'MD 12942': 2 col(s) inserida(s), escrita em posição 80
2026-05-18 18:09:15,247 [DEBUG]     Aba 'CDB - 23280': 5 col(s) inserida(s), escrita em posição 80
2026-05-18 18:09:15,545 [DEBUG]     Aba 'ERB - 22851': 5 col(s) inserida(s), escrita em posição 79
2026-05-18 18:09:15,545 [WARNING]     ⚠ Aba 'LOJAS BAURU': coluna USOU não encontrada — pulada
2026-05-18 18:09:15,549 [WARNING] [BAURU] Abas sem USOU: LOJAS BAURU
2026-05-18 18:09:19,045 [INFO] [BAURU] Salvo: BAURU - Contagem Antilhas - 2026.xlsm
2026-05-18 18:09:19,046 [INFO] Processo 1 concluído.
2026-05-18 18:09:23,300 [INFO] Iniciando Processo 1
2026-05-18 18:09:23,311 [DEBUG]   Backup: PRAIA - Contagem Antilhas - 2026.xlsm → C:\Users\marcus\Desktop\AutomacaoAntilhas\antilhas\01_BACKUP\2026-05-18_18h09\PRAIA - Contagem Antilhas - 2026.xlsm
2026-05-18 18:09:23,318 [DEBUG]   Backup: JAÚ - Contagem Antilhas - 2026.xlsm → C:\Users\marcus\Desktop\AutomacaoAntilhas\antilhas\01_BACKUP\2026-05-18_18h09\JAÚ - Contagem Antilhas - 2026.xlsm
2026-05-18 18:09:23,325 [DEBUG]   Backup: BAURU - Contagem Antilhas - 2026.xlsm → C:\Users\marcus\Desktop\AutomacaoAntilhas\antilhas\01_BACKUP\2026-05-18_18h09\BAURU - Contagem Antilhas - 2026.xlsm
2026-05-18 18:09:23,325 [INFO] Backup criado em: C:\Users\marcus\Desktop\AutomacaoAntilhas\antilhas\01_BACKUP\2026-05-18_18h09
2026-05-18 18:09:23,359 [INFO] [PRAIA] Abrindo: C:\Users\marcus\Desktop\AutomacaoAntilhas\antilhas\04_PLANILHAS_PAI\PRAIA - Contagem Antilhas - 2026.xlsm
2026-05-18 18:09:26,520 [DEBUG]     Aba ' PL 12973': 2 col(s) inserida(s), escrita em posição 32
2026-05-18 18:09:26,635 [DEBUG]     Aba 'BOQ 11734': 2 col(s) inserida(s), escrita em posição 82
2026-05-18 18:09:26,755 [DEBUG]     Aba 'TP 14462': 2 col(s) inserida(s), escrita em posição 82
2026-05-18 18:09:26,845 [DEBUG]     Aba 'PB 5418': 2 col(s) inserida(s), escrita em posição 82
2026-05-18 18:09:26,940 [DEBUG]     Aba 'MG 11733': 2 col(s) inserida(s), escrita em posição 82
2026-05-18 18:09:27,038 [DEBUG]     Aba 'ATC - 23012': 2 col(s) inserida(s), escrita em posição 82
2026-05-18 18:09:27,123 [DEBUG]     Aba 'CDP - 24790': 1 col(s) inserida(s), escrita em posição 82
2026-05-18 18:09:27,224 [DEBUG]     Aba 'ER BOQ - 23614': 1 col(s) inserida(s), escrita em posição 82
2026-05-18 18:09:27,318 [DEBUG]     Aba 'ER PBE - 23343': 1 col(s) inserida(s), escrita em posição 82
2026-05-18 18:09:27,379 [DEBUG]     Aba 'ER MG - 24119': 1 col(s) inserida(s), escrita em posição 40
2026-05-18 18:09:27,379 [WARNING]     ⚠ Aba 'LOJAS PRAIA': coluna USOU não encontrada — pulada
2026-05-18 18:09:27,383 [WARNING] [PRAIA] Abas sem USOU: LOJAS PRAIA
2026-05-18 18:09:30,273 [INFO] [PRAIA] Salvo: PRAIA - Contagem Antilhas - 2026.xlsm
2026-05-18 18:09:30,274 [INFO] [JAU] Abrindo: C:\Users\marcus\Desktop\AutomacaoAntilhas\antilhas\04_PLANILHAS_PAI\JAÚ - Contagem Antilhas - 2026.xlsm
2026-05-18 18:09:32,951 [DEBUG]     Aba 'JC 3822': 2 col(s) inserida(s), escrita em posição 30
2026-05-18 18:09:33,015 [DEBUG]     Aba 'JD 14446': 2 col(s) inserida(s), escrita em posição 30
2026-05-18 18:09:33,060 [DEBUG]     Aba 'BB 12066': 2 col(s) inserida(s), escrita em posição 30
2026-05-18 18:09:33,111 [DEBUG]     Aba 'SM 23048': 2 col(s) inserida(s), escrita em posição 30
2026-05-18 18:09:33,168 [DEBUG]     Aba 'JSH 11722': 2 col(s) inserida(s), escrita em posição 30
2026-05-18 18:09:33,214 [DEBUG]     Aba 'CONF 14553': 2 col(s) inserida(s), escrita em posição 30
2026-05-18 18:09:33,273 [DEBUG]     Aba 'DC 7529': 2 col(s) inserida(s), escrita em posição 30
2026-05-18 18:09:33,300 [DEBUG]     Aba 'IT 6942': 2 col(s) inserida(s), escrita em posição 30
2026-05-18 18:09:33,356 [DEBUG]     Aba 'BR 6954': 2 col(s) inserida(s), escrita em posição 30
2026-05-18 18:09:33,406 [DEBUG]     Aba 'CDJ 23091': 1 col(s) inserida(s), escrita em posição 30
2026-05-18 18:09:33,458 [DEBUG]     Aba 'ERJ 22838': 1 col(s) inserida(s), escrita em posição 31
2026-05-18 18:09:33,505 [DEBUG]     Aba 'ER SM 24137': 1 col(s) inserida(s), escrita em posição 31
2026-05-18 18:09:35,239 [INFO] [JAU] Salvo: JAÚ - Contagem Antilhas - 2026.xlsm
2026-05-18 18:09:35,239 [INFO] [BAURU] Abrindo: C:\Users\marcus\Desktop\AutomacaoAntilhas\antilhas\04_PLANILHAS_PAI\BAURU - Contagem Antilhas - 2026.xlsm
2026-05-18 18:09:39,351 [DEBUG]     Aba 'BSH 6700': 2 col(s) inserida(s), escrita em posição 81
2026-05-18 18:09:39,463 [DEBUG]     Aba 'BOUL 13868': 2 col(s) inserida(s), escrita em posição 81
2026-05-18 18:09:39,552 [DEBUG]     Aba 'TT 13370': 2 col(s) inserida(s), escrita em posição 81
2026-05-18 18:09:39,705 [DEBUG]     Aba 'TDQ 20000': 2 col(s) inserida(s), escrita em posição 76
2026-05-18 18:09:39,862 [DEBUG]     Aba 'GET 23049': 2 col(s) inserida(s), escrita em posição 81
2026-05-18 18:09:39,929 [DEBUG]     Aba 'Q7 6727': 2 col(s) inserida(s), escrita em posição 81
2026-05-18 18:09:40,109 [DEBUG]     Aba 'Q2 12466': 2 col(s) inserida(s), escrita em posição 81
2026-05-18 18:09:40,165 [DEBUG]     Aba 'MD 12942': 2 col(s) inserida(s), escrita em posição 81
2026-05-18 18:09:40,663 [DEBUG]     Aba 'CDB - 23280': 5 col(s) inserida(s), escrita em posição 81
2026-05-18 18:09:40,981 [DEBUG]     Aba 'ERB - 22851': 5 col(s) inserida(s), escrita em posição 80
2026-05-18 18:09:40,981 [WARNING]     ⚠ Aba 'LOJAS BAURU': coluna USOU não encontrada — pulada
2026-05-18 18:09:40,985 [WARNING] [BAURU] Abas sem USOU: LOJAS BAURU
2026-05-18 18:09:44,379 [INFO] [BAURU] Salvo: BAURU - Contagem Antilhas - 2026.xlsm
2026-05-18 18:09:44,379 [INFO] Processo 1 concluído.
