2026-05-18 17:34:29,105 [INFO] Iniciando Processo 1 [DRY-RUN]
2026-05-18 17:34:29,106 [INFO] [DRY-RUN] Backup seria criado em: C:\Users\marcus\Desktop\AutomacaoAntilhas\antilhas\01_BACKUP\2026-05-18_17h34
2026-05-18 17:41:23,623 [INFO] Iniciando Processo 1 [DRY-RUN]
2026-05-18 17:41:23,624 [INFO] [DRY-RUN] Backup seria criado em: C:\Users\marcus\Desktop\AutomacaoAntilhas\antilhas\01_BACKUP\2026-05-18_17h41
2026-05-18 17:46:44,703 [INFO] Iniciando Processo 1 [DRY-RUN]
2026-05-18 17:46:44,705 [INFO] [DRY-RUN] Backup seria criado em: C:\Users\marcus\Desktop\AutomacaoAntilhas\antilhas\01_BACKUP\2026-05-18_17h46
2026-05-18 17:48:25,195 [INFO] Iniciando Processo 1 [DRY-RUN]
2026-05-18 17:48:25,196 [INFO] [DRY-RUN] Backup seria criado em: C:\Users\marcus\Desktop\AutomacaoAntilhas\antilhas\01_BACKUP\2026-05-18_17h48
2026-05-18 17:48:58,188 [INFO] Iniciando Processo 1 [DRY-RUN]
2026-05-18 17:48:58,189 [INFO] [DRY-RUN] Backup seria criado em: C:\Users\marcus\Desktop\AutomacaoAntilhas\antilhas\01_BACKUP\2026-05-18_17h48
2026-05-18 17:49:37,931 [INFO] Iniciando Processo 1 [DRY-RUN]
2026-05-18 17:49:37,932 [INFO] [DRY-RUN] Backup seria criado em: C:\Users\marcus\Desktop\AutomacaoAntilhas\antilhas\01_BACKUP\2026-05-18_17h49
2026-05-18 17:49:37,963 [INFO] [PRAIA] Abrindo: C:\Users\marcus\Desktop\AutomacaoAntilhas\antilhas\04_PLANILHAS_PAI\PRAIA_Contagem_Antilhas_2026.xlsm
2026-05-18 17:49:37,963 [ERROR] Arquivo não encontrado: C:\Users\marcus\Desktop\AutomacaoAntilhas\antilhas\04_PLANILHAS_PAI\PRAIA_Contagem_Antilhas_2026.xlsm
2026-05-18 17:49:37,964 [INFO] [JAU] Abrindo: C:\Users\marcus\Desktop\AutomacaoAntilhas\antilhas\04_PLANILHAS_PAI\JAU_Contagem_Antilhas_2026.xlsm
2026-05-18 17:49:37,964 [ERROR] Arquivo não encontrado: C:\Users\marcus\Desktop\AutomacaoAntilhas\antilhas\04_PLANILHAS_PAI\JAU_Contagem_Antilhas_2026.xlsm
2026-05-18 17:49:37,965 [INFO] [BAURU] Abrindo: C:\Users\marcus\Desktop\AutomacaoAntilhas\antilhas\04_PLANILHAS_PAI\BAURU_Contagem_Antilhas_2026.xlsm
2026-05-18 17:49:37,965 [ERROR] Arquivo não encontrado: C:\Users\marcus\Desktop\AutomacaoAntilhas\antilhas\04_PLANILHAS_PAI\BAURU_Contagem_Antilhas_2026.xlsm
2026-05-18 17:49:37,966 [INFO] Processo 1 concluído.
2026-05-18 17:53:56,404 [INFO] Iniciando Processo 1 [DRY-RUN]
2026-05-18 17:53:56,405 [INFO] [DRY-RUN] Backup seria criado em: C:\Users\marcus\Desktop\AutomacaoAntilhas\antilhas\01_BACKUP\2026-05-18_17h53
2026-05-18 17:53:56,436 [INFO] [PRAIA] Abrindo: C:\Users\marcus\Desktop\AutomacaoAntilhas\antilhas\04_PLANILHAS_PAI\PRAIA - Contagem Antilhas - 2026.xlsm
2026-05-18 17:53:59,179 [DEBUG]     Aba ' PL 12973': coluna inserida em posição 29
2026-05-18 17:53:59,182 [DEBUG]     Aba 'BOQ 11734': coluna inserida em posição 79
2026-05-18 17:53:59,185 [DEBUG]     Aba 'TP 14462': coluna inserida em posição 79
2026-05-18 17:53:59,188 [DEBUG]     Aba 'PB 5418': coluna inserida em posição 79
2026-05-18 17:53:59,192 [DEBUG]     Aba 'MG 11733': coluna inserida em posição 79
2026-05-18 17:53:59,194 [DEBUG]     Aba 'ATC - 23012': coluna inserida em posição 79
2026-05-18 17:53:59,198 [DEBUG]     Aba 'CDP - 24790': coluna inserida em posição 79
2026-05-18 17:53:59,201 [DEBUG]     Aba 'ER BOQ - 23614': coluna inserida em posição 79
2026-05-18 17:53:59,207 [DEBUG]     Aba 'ER PBE - 23343': coluna inserida em posição 79
2026-05-18 17:53:59,209 [DEBUG]     Aba 'ER MG - 24119': coluna inserida em posição 37
2026-05-18 17:53:59,209 [WARNING]     ⚠ Aba 'LOJAS PRAIA': coluna USOU não encontrada — pulada
2026-05-18 17:53:59,209 [WARNING]     ⚠ 'PL 12973' não existe na planilha — ignorada
2026-05-18 17:53:59,211 [WARNING] [PRAIA] Abas sem USOU: LOJAS PRAIA
2026-05-18 17:53:59,212 [INFO] [DRY-RUN] PRAIA - Contagem Antilhas - 2026.xlsm não foi modificado
2026-05-18 17:53:59,212 [INFO] [JAU] Abrindo: C:\Users\marcus\Desktop\AutomacaoAntilhas\antilhas\04_PLANILHAS_PAI\JAÚ - Contagem Antilhas - 2026.xlsm
2026-05-18 17:54:01,532 [DEBUG]     Aba 'JC 3822': coluna inserida em posição 28
2026-05-18 17:54:01,533 [DEBUG]     Aba 'JD 14446': coluna inserida em posição 28
2026-05-18 17:54:01,534 [DEBUG]     Aba 'BB 12066': coluna inserida em posição 28
2026-05-18 17:54:01,535 [DEBUG]     Aba 'SM 23048': coluna inserida em posição 28
2026-05-18 17:54:01,536 [DEBUG]     Aba 'JSH 11722': coluna inserida em posição 28
2026-05-18 17:54:01,537 [DEBUG]     Aba 'CONF 14553': coluna inserida em posição 28
2026-05-18 17:54:01,538 [DEBUG]     Aba 'DC 7529': coluna inserida em posição 28
2026-05-18 17:54:01,539 [DEBUG]     Aba 'IT 6942': coluna inserida em posição 28
2026-05-18 17:54:01,540 [DEBUG]     Aba 'BR 6954': coluna inserida em posição 28
2026-05-18 17:54:01,542 [DEBUG]     Aba 'CDJ 23091': coluna inserida em posição 28
2026-05-18 17:54:01,543 [DEBUG]     Aba 'ERJ 22838': coluna inserida em posição 29
2026-05-18 17:54:01,544 [DEBUG]     Aba 'ER SM 24137': coluna inserida em posição 29
2026-05-18 17:54:01,547 [INFO] [DRY-RUN] JAÚ - Contagem Antilhas - 2026.xlsm não foi modificado
2026-05-18 17:54:01,547 [INFO] [BAURU] Abrindo: C:\Users\marcus\Desktop\AutomacaoAntilhas\antilhas\04_PLANILHAS_PAI\BAURU - Contagem Antilhas - 2026.xlsm
2026-05-18 17:54:05,272 [DEBUG]     Aba 'BSH 6700': coluna inserida em posição 80
2026-05-18 17:54:05,275 [DEBUG]     Aba 'BOUL 13868': coluna inserida em posição 79
2026-05-18 17:54:05,277 [DEBUG]     Aba 'TT 13370': coluna inserida em posição 80
2026-05-18 17:54:05,281 [DEBUG]     Aba 'TDQ 20000': coluna inserida em posição 75
2026-05-18 17:54:05,284 [DEBUG]     Aba 'GET 23049': coluna inserida em posição 80
2026-05-18 17:54:05,286 [DEBUG]     Aba 'Q7 6727': coluna inserida em posição 80
2026-05-18 17:54:05,289 [DEBUG]     Aba 'Q2 12466': coluna inserida em posição 80
2026-05-18 17:54:05,292 [DEBUG]     Aba 'MD 12942': coluna inserida em posição 80
2026-05-18 17:54:05,296 [DEBUG]     Aba 'CDB - 23280': coluna inserida em posição 80
2026-05-18 17:54:05,300 [DEBUG]     Aba 'ERB - 22851': coluna inserida em posição 79
2026-05-18 17:54:05,300 [WARNING]     ⚠ Aba 'LOJAS BAURU': coluna USOU não encontrada — pulada
2026-05-18 17:54:05,303 [WARNING] [BAURU] Abas sem USOU: LOJAS BAURU
2026-05-18 17:54:05,303 [INFO] [DRY-RUN] BAURU - Contagem Antilhas - 2026.xlsm não foi modificado
2026-05-18 17:54:05,304 [INFO] Processo 1 concluído.
2026-05-18 17:55:28,563 [INFO] Iniciando Processo 1 [DRY-RUN]
2026-05-18 17:55:28,564 [INFO] [DRY-RUN] Backup seria criado em: C:\Users\marcus\Desktop\AutomacaoAntilhas\antilhas\01_BACKUP\2026-05-18_17h55
2026-05-18 17:55:28,593 [INFO] [PRAIA] Abrindo: C:\Users\marcus\Desktop\AutomacaoAntilhas\antilhas\04_PLANILHAS_PAI\PRAIA - Contagem Antilhas - 2026.xlsm
2026-05-18 17:55:31,294 [DEBUG]     Aba ' PL 12973': coluna inserida em posição 29
2026-05-18 17:55:31,297 [DEBUG]     Aba 'BOQ 11734': coluna inserida em posição 79
2026-05-18 17:55:31,301 [DEBUG]     Aba 'TP 14462': coluna inserida em posição 79
2026-05-18 17:55:31,304 [DEBUG]     Aba 'PB 5418': coluna inserida em posição 79
2026-05-18 17:55:31,307 [DEBUG]     Aba 'MG 11733': coluna inserida em posição 79
2026-05-18 17:55:31,310 [DEBUG]     Aba 'ATC - 23012': coluna inserida em posição 79
2026-05-18 17:55:31,314 [DEBUG]     Aba 'CDP - 24790': coluna inserida em posição 79
2026-05-18 17:55:31,317 [DEBUG]     Aba 'ER BOQ - 23614': coluna inserida em posição 79
2026-05-18 17:55:31,323 [DEBUG]     Aba 'ER PBE - 23343': coluna inserida em posição 79
2026-05-18 17:55:31,325 [DEBUG]     Aba 'ER MG - 24119': coluna inserida em posição 37
2026-05-18 17:55:31,326 [WARNING]     ⚠ Aba 'LOJAS PRAIA': coluna USOU não encontrada — pulada
2026-05-18 17:55:31,327 [WARNING] [PRAIA] Abas sem USOU: LOJAS PRAIA
2026-05-18 17:55:31,327 [INFO] [DRY-RUN] PRAIA - Contagem Antilhas - 2026.xlsm não foi modificado
2026-05-18 17:55:31,327 [INFO] Processo 1 concluído.
2026-05-18 18:07:46,928 [INFO] Iniciando Processo 1 [DRY-RUN]
2026-05-18 18:07:46,929 [INFO] [DRY-RUN] Backup seria criado em: C:\Users\marcus\Desktop\AutomacaoAntilhas\antilhas\01_BACKUP\2026-05-18_18h07
2026-05-18 18:07:46,967 [INFO] [PRAIA] Abrindo: C:\Users\marcus\Desktop\AutomacaoAntilhas\antilhas\04_PLANILHAS_PAI\PRAIA - Contagem Antilhas - 2026.xlsm
2026-05-18 18:07:49,815 [DEBUG]     [DRY-RUN] Aba ' PL 12973': 2 USOU(s) em [32, 74]
2026-05-18 18:07:49,893 [DEBUG]     [DRY-RUN] Aba 'BOQ 11734': 2 USOU(s) em [82, 198]
2026-05-18 18:07:49,907 [DEBUG]     [DRY-RUN] Aba 'TP 14462': 2 USOU(s) em [82, 182]
2026-05-18 18:07:49,918 [DEBUG]     [DRY-RUN] Aba 'PB 5418': 2 USOU(s) em [82, 186]
2026-05-18 18:07:49,929 [DEBUG]     [DRY-RUN] Aba 'MG 11733': 2 USOU(s) em [82, 175]
2026-05-18 18:07:49,939 [DEBUG]     [DRY-RUN] Aba 'ATC - 23012': 2 USOU(s) em [82, 170]
2026-05-18 18:07:49,945 [DEBUG]     [DRY-RUN] Aba 'CDP - 24790': 1 USOU(s) em [82]
2026-05-18 18:07:49,953 [DEBUG]     [DRY-RUN] Aba 'ER BOQ - 23614': 1 USOU(s) em [82]
2026-05-18 18:07:49,960 [DEBUG]     [DRY-RUN] Aba 'ER PBE - 23343': 1 USOU(s) em [82]
2026-05-18 18:07:49,963 [DEBUG]     [DRY-RUN] Aba 'ER MG - 24119': 1 USOU(s) em [40]
2026-05-18 18:07:49,964 [WARNING]     ⚠ Aba 'LOJAS PRAIA': coluna USOU não encontrada — pulada
2026-05-18 18:08:14,523 [INFO] Iniciando Processo 1 [DRY-RUN]
2026-05-18 18:08:14,525 [INFO] [DRY-RUN] Backup seria criado em: C:\Users\marcus\Desktop\AutomacaoAntilhas\antilhas\01_BACKUP\2026-05-18_18h08
2026-05-18 18:08:14,557 [INFO] [PRAIA] Abrindo: C:\Users\marcus\Desktop\AutomacaoAntilhas\antilhas\04_PLANILHAS_PAI\PRAIA - Contagem Antilhas - 2026.xlsm
2026-05-18 18:08:17,420 [DEBUG]     [DRY-RUN] Aba ' PL 12973': 2 USOU(s) em [32, 74]
2026-05-18 18:08:17,499 [DEBUG]     [DRY-RUN] Aba 'BOQ 11734': 2 USOU(s) em [82, 198]
2026-05-18 18:08:17,511 [DEBUG]     [DRY-RUN] Aba 'TP 14462': 2 USOU(s) em [82, 182]
2026-05-18 18:08:17,521 [DEBUG]     [DRY-RUN] Aba 'PB 5418': 2 USOU(s) em [82, 186]
2026-05-18 18:08:17,531 [DEBUG]     [DRY-RUN] Aba 'MG 11733': 2 USOU(s) em [82, 175]
2026-05-18 18:08:17,542 [DEBUG]     [DRY-RUN] Aba 'ATC - 23012': 2 USOU(s) em [82, 170]
2026-05-18 18:08:17,549 [DEBUG]     [DRY-RUN] Aba 'CDP - 24790': 1 USOU(s) em [82]
2026-05-18 18:08:17,556 [DEBUG]     [DRY-RUN] Aba 'ER BOQ - 23614': 1 USOU(s) em [82]
2026-05-18 18:08:17,563 [DEBUG]     [DRY-RUN] Aba 'ER PBE - 23343': 1 USOU(s) em [82]
2026-05-18 18:08:17,566 [DEBUG]     [DRY-RUN] Aba 'ER MG - 24119': 1 USOU(s) em [40]
2026-05-18 18:08:17,566 [WARNING]     ⚠ Aba 'LOJAS PRAIA': coluna USOU não encontrada — pulada
2026-05-18 18:08:17,567 [WARNING] [PRAIA] Abas sem USOU: LOJAS PRAIA
2026-05-18 18:08:17,567 [INFO] [DRY-RUN] PRAIA - Contagem Antilhas - 2026.xlsm não foi modificado
2026-05-18 18:08:17,567 [INFO] [JAU] Abrindo: C:\Users\marcus\Desktop\AutomacaoAntilhas\antilhas\04_PLANILHAS_PAI\JAÚ - Contagem Antilhas - 2026.xlsm
2026-05-18 18:08:20,042 [DEBUG]     [DRY-RUN] Aba 'JC 3822': 2 USOU(s) em [29, 61]
2026-05-18 18:08:20,049 [DEBUG]     [DRY-RUN] Aba 'JD 14446': 2 USOU(s) em [29, 64]
2026-05-18 18:08:20,056 [DEBUG]     [DRY-RUN] Aba 'BB 12066': 2 USOU(s) em [29, 64]
2026-05-18 18:08:20,062 [DEBUG]     [DRY-RUN] Aba 'SM 23048': 2 USOU(s) em [29, 60]
2026-05-18 18:08:20,071 [DEBUG]     [DRY-RUN] Aba 'JSH 11722': 2 USOU(s) em [29, 67]
2026-05-18 18:08:20,078 [DEBUG]     [DRY-RUN] Aba 'CONF 14553': 2 USOU(s) em [29, 60]
2026-05-18 18:08:20,080 [DEBUG]     [DRY-RUN] Aba 'DC 7529': 2 USOU(s) em [29, 62]
2026-05-18 18:08:20,082 [DEBUG]     [DRY-RUN] Aba 'IT 6942': 2 USOU(s) em [29, 58]
2026-05-18 18:08:20,084 [DEBUG]     [DRY-RUN] Aba 'BR 6954': 2 USOU(s) em [29, 59]
2026-05-18 18:08:20,086 [DEBUG]     [DRY-RUN] Aba 'CDJ 23091': 1 USOU(s) em [29]
2026-05-18 18:08:20,088 [DEBUG]     [DRY-RUN] Aba 'ERJ 22838': 1 USOU(s) em [30]
2026-05-18 18:08:20,090 [DEBUG]     [DRY-RUN] Aba 'ER SM 24137': 1 USOU(s) em [30]
2026-05-18 18:08:20,091 [INFO] [DRY-RUN] JAÚ - Contagem Antilhas - 2026.xlsm não foi modificado
2026-05-18 18:08:20,091 [INFO] [BAURU] Abrindo: C:\Users\marcus\Desktop\AutomacaoAntilhas\antilhas\04_PLANILHAS_PAI\BAURU - Contagem Antilhas - 2026.xlsm
2026-05-18 18:08:24,053 [DEBUG]     [DRY-RUN] Aba 'BSH 6700': 2 USOU(s) em [80, 180]
2026-05-18 18:08:24,065 [DEBUG]     [DRY-RUN] Aba 'BOUL 13868': 2 USOU(s) em [80, 178]
2026-05-18 18:08:24,075 [DEBUG]     [DRY-RUN] Aba 'TT 13370': 2 USOU(s) em [80, 170]
2026-05-18 18:08:24,088 [DEBUG]     [DRY-RUN] Aba 'TDQ 20000': 2 USOU(s) em [75, 163]
2026-05-18 18:08:24,101 [DEBUG]     [DRY-RUN] Aba 'GET 23049': 2 USOU(s) em [80, 168]
2026-05-18 18:08:24,112 [DEBUG]     [DRY-RUN] Aba 'Q7 6727': 2 USOU(s) em [80, 169]
2026-05-18 18:08:24,123 [DEBUG]     [DRY-RUN] Aba 'Q2 12466': 2 USOU(s) em [80, 159]
2026-05-18 18:08:24,127 [DEBUG]     [DRY-RUN] Aba 'MD 12942': 2 USOU(s) em [80, 147]
2026-05-18 18:08:24,146 [DEBUG]     [DRY-RUN] Aba 'CDB - 23280': 5 USOU(s) em [80, 204, 216, 229, 237]
2026-05-18 18:08:24,162 [DEBUG]     [DRY-RUN] Aba 'ERB - 22851': 5 USOU(s) em [79, 220, 232, 245, 253]
2026-05-18 18:08:24,163 [WARNING]     ⚠ Aba 'LOJAS BAURU': coluna USOU não encontrada — pulada
2026-05-18 18:08:24,163 [WARNING] [BAURU] Abas sem USOU: LOJAS BAURU
2026-05-18 18:08:24,163 [INFO] [DRY-RUN] BAURU - Contagem Antilhas - 2026.xlsm não foi modificado
2026-05-18 18:08:24,163 [INFO] Processo 1 concluído.
